Arguments: 
  C:\Program Files\nodejs\node.exe C:\Users\Allaoui\AppData\Roaming\npm\node_modules\yarn\bin\yarn.js add raect-tsparticles

PATH: 
  C:\Users\Allaoui\bin;C:\Program Files\Git\mingw64\bin;C:\Program Files\Git\usr\local\bin;C:\Program Files\Git\usr\bin;C:\Program Files\Git\usr\bin;C:\Program Files\Git\mingw64\bin;C:\Program Files\Git\usr\bin;C:\Users\Allaoui\bin;H:\Logiciels\flutter\bin;C:\Program Files\NVIDIA GPU Computing Toolkit\CUDA\v11.8\bin;C:\Program Files\NVIDIA GPU Computing Toolkit\CUDA\v11.8\libnvvp;C:\Program Files\WinRAR;C:\Program Files (x86)\Common Files\Intel\Shared Libraries\redist\intel64\compiler;C:\WINDOWS\system32;C:\WINDOWS;C:\WINDOWS\System32\Wbem;C:\WINDOWS\System32\WindowsPowerShell\v1.0;C:\WINDOWS\System32\OpenSSH;F:\make;C:\Program Files\CodeBlocks\MinGW\bin;C:\Strawberry\c\bin;C:\Strawberry\perl\site\bin;C:\Strawberry\perl\bin;D:\make;D:\Anaconda3;C:\Program Files\Graphviz\bin;C:\Program Files\nodejs;C:\Program Files\SourceGear\Common\DiffMerge;C:\Program Files\CMake\bin;D:\Program Files (x86)\IncrediBuild;C:\Program Files (x86)\GNU Arm Embedded Toolchain\10 2021.10\bin;C:\Users\Allaoui\AppData\Local\Programs\Python\Python310\Scripts;C:\Users\Allaoui\AppData\Local\Programs\Python\Python310;C:\Users\Allaoui\AppData\Local\Microsoft\WindowsApps;C:\Users\Allaoui\AppData\Local\Programs\Microsoft VS Cod;C:\Program Files (x86)\NVIDIA Corporation\PhysX\Common;C:\Program Files\NVIDIA Corporation\Nsight Compute 2022.3.0;H:\Bluetooth Command Line Tools\bin;C:\Program Files (x86)\Bluetooth Command Line Tools\bin;C:\Program Files\Git\cmd;C:\Program Files\dotnet;C:\Users\Allaoui\.cargo\bin;H:\Logiciels\flutter\bin;C:\Program Files (x86)\GNU Arm Embedded Toolchain\10 2021.10\bin;C:\Users\Allaoui\AppData\Local\Programs\Python\Python310\Scripts;C:\Users\Allaoui\AppData\Local\Programs\Python\Python310;C:\Users\Allaoui\AppData\Local\Microsoft\WindowsApps;F:\make;C:\Program Files\CodeBlocks\MinGW\bin;D:\make;K:\Program Files\nodejs;F:\sdk\platform-tools;C:\Users\Allaoui\AppData\Roaming\npm;C:\Program Files (x86)\Microsoft Visual Studio\2019\Community\VC\Tools\MSVC\14.20.27508\bin\HostX86\x86;D:\Tsila\OpenCV\opencv\build\x64\vc15\bin;D:\Program Files (x86)\Microsoft Visual Studio 14.0\VC\bin;C:\Program Files (x86)\Nano;C:\ProgramData\Anaconda3\Lib\site-packages\torch\lib;C:\Program Files\Git\usr\bin;C:\Program Files\CMake\bin;C:\Users\Allaoui\Desktop\xl\7z2201-extra\x64;C:\Program Files (x86)\Windows Kits\10\bin\10.0.17763.0\x64;G:\WAMP\bin\mysql\mysql8.0.21\lib;H:\Sdk\platform-tools;C:\Users\Allaoui\AppData\Local\Programs\Microsoft VS Code\bin;C:\Program Files\Git\usr\bin\vendor_perl;C:\Program Files\Git\usr\bin\core_perl

Yarn version: 
  1.22.19

Node version: 
  16.14.0

Platform: 
  win32 x64

Trace: 
  Error: https://registry.yarnpkg.com/raect-tsparticles: Not found
      at Request.params.callback [as _callback] (C:\Users\Allaoui\AppData\Roaming\npm\node_modules\yarn\lib\cli.js:66145:18)
      at Request.self.callback (C:\Users\Allaoui\AppData\Roaming\npm\node_modules\yarn\lib\cli.js:140890:22)
      at Request.emit (node:events:520:28)
      at Request.<anonymous> (C:\Users\Allaoui\AppData\Roaming\npm\node_modules\yarn\lib\cli.js:141862:10)
      at Request.emit (node:events:520:28)
      at IncomingMessage.<anonymous> (C:\Users\Allaoui\AppData\Roaming\npm\node_modules\yarn\lib\cli.js:141784:12)
      at Object.onceWrapper (node:events:639:28)
      at IncomingMessage.emit (node:events:532:35)
      at endReadableNT (node:internal/streams/readable:1346:12)
      at processTicksAndRejections (node:internal/process/task_queues:83:21)

npm manifest: 
  {
    "name": "reactapp",
    "private": true,
    "version": "0.0.0",
    "type": "module",
    "scripts": {
      "dev": "vite",
      "build": "tsc && vite build",
      "preview": "vite preview"
    },
    "dependencies": {
      "@types/react-transition-group": "^4.4.6",
      "easy-pie-chart": "^2.1.7",
      "kute.js": "^2.2.4",
      "mailgo": "^0.12.2",
      "react": "^18.2.0",
      "react-dom": "^18.2.0",
      "react-dust-effect": "^0.0.7",
      "react-icons": "^4.10.1",
      "react-minimal-pie-chart": "^8.4.0",
      "react-router-dom": "^6.14.1",
      "react-simple-typewriter": "^5.0.1",
      "react-swipeable": "^7.0.1",
      "react-transition-group": "^4.4.5",
      "react-tsparticles": "^2.10.1",
      "react-wavify": "^1.8.3",
      "require-context": "^1.1.0",
      "sass": "^1.57.1",
      "tsparticles": "^2.10.1",
      "tsparticles-engine": "^2.12.0",
      "tsparticles-preset-links": "^2.12.0"
    },
    "devDependencies": {
      "@types/react": "^18.0.26",
      "@types/react-dom": "^18.0.9",
      "@vitejs/plugin-react": "^3.0.0",
      "typescript": "^5.1.6",
      "vite": "^4.0.0"
    }
  }

yarn manifest: 
  No manifest

Lockfile: 
  # THIS IS AN AUTOGENERATED FILE. DO NOT EDIT THIS FILE DIRECTLY.
  # yarn lockfile v1
  
  
  "@ampproject/remapping@^2.1.0":
    version "2.2.0"
    resolved "https://registry.yarnpkg.com/@ampproject/remapping/-/remapping-2.2.0.tgz#56c133824780de3174aed5ab6834f3026790154d"
    integrity sha512-qRmjj8nj9qmLTQXXmaR1cck3UXSRMPrbsLJAasZpF+t3riI71BXed5ebIOYwQntykeZuhjsdweEc9BxH5Jc26w==
    dependencies:
      "@jridgewell/gen-mapping" "^0.1.0"
      "@jridgewell/trace-mapping" "^0.3.9"
  
  "@babel/code-frame@^7.18.6":
    version "7.18.6"
    resolved "https://registry.yarnpkg.com/@babel/code-frame/-/code-frame-7.18.6.tgz#3b25d38c89600baa2dcc219edfa88a74eb2c427a"
    integrity sha512-TDCmlK5eOvH+eH7cdAFlNXeVJqWIQ7gW9tY1GJIpUtFb6CmjVyq2VM3u71bOyR8CRihcCgMUYoDNyLXao3+70Q==
    dependencies:
      "@babel/highlight" "^7.18.6"
  
  "@babel/compat-data@^7.20.5":
    version "7.20.10"
    resolved "https://registry.yarnpkg.com/@babel/compat-data/-/compat-data-7.20.10.tgz#9d92fa81b87542fff50e848ed585b4212c1d34ec"
    integrity sha512-sEnuDPpOJR/fcafHMjpcpGN5M2jbUGUHwmuWKM/YdPzeEDJg8bgmbcWQFUfE32MQjti1koACvoPVsDe8Uq+idg==
  
  "@babel/core@^7.20.7":
    version "7.20.12"
    resolved "https://registry.yarnpkg.com/@babel/core/-/core-7.20.12.tgz#7930db57443c6714ad216953d1356dac0eb8496d"
    integrity sha512-XsMfHovsUYHFMdrIHkZphTN/2Hzzi78R08NuHfDBehym2VsPDL6Zn/JAD/JQdnRvbSsbQc4mVaU1m6JgtTEElg==
    dependencies:
      "@ampproject/remapping" "^2.1.0"
      "@babel/code-frame" "^7.18.6"
      "@babel/generator" "^7.20.7"
      "@babel/helper-compilation-targets" "^7.20.7"
      "@babel/helper-module-transforms" "^7.20.11"
      "@babel/helpers" "^7.20.7"
      "@babel/parser" "^7.20.7"
      "@babel/template" "^7.20.7"
      "@babel/traverse" "^7.20.12"
      "@babel/types" "^7.20.7"
      convert-source-map "^1.7.0"
      debug "^4.1.0"
      gensync "^1.0.0-beta.2"
      json5 "^2.2.2"
      semver "^6.3.0"
  
  "@babel/generator@^7.20.7":
    version "7.20.7"
    resolved "https://registry.yarnpkg.com/@babel/generator/-/generator-7.20.7.tgz#f8ef57c8242665c5929fe2e8d82ba75460187b4a"
    integrity sha512-7wqMOJq8doJMZmP4ApXTzLxSr7+oO2jroJURrVEp6XShrQUObV8Tq/D0NCcoYg2uHqUrjzO0zwBjoYzelxK+sw==
    dependencies:
      "@babel/types" "^7.20.7"
      "@jridgewell/gen-mapping" "^0.3.2"
      jsesc "^2.5.1"
  
  "@babel/helper-compilation-targets@^7.20.7":
    version "7.20.7"
    resolved "https://registry.yarnpkg.com/@babel/helper-compilation-targets/-/helper-compilation-targets-7.20.7.tgz#a6cd33e93629f5eb473b021aac05df62c4cd09bb"
    integrity sha512-4tGORmfQcrc+bvrjb5y3dG9Mx1IOZjsHqQVUz7XCNHO+iTmqxWnVg3KRygjGmpRLJGdQSKuvFinbIb0CnZwHAQ==
    dependencies:
      "@babel/compat-data" "^7.20.5"
      "@babel/helper-validator-option" "^7.18.6"
      browserslist "^4.21.3"
      lru-cache "^5.1.1"
      semver "^6.3.0"
  
  "@babel/helper-environment-visitor@^7.18.9":
    version "7.18.9"
    resolved "https://registry.yarnpkg.com/@babel/helper-environment-visitor/-/helper-environment-visitor-7.18.9.tgz#0c0cee9b35d2ca190478756865bb3528422f51be"
    integrity sha512-3r/aACDJ3fhQ/EVgFy0hpj8oHyHpQc+LPtJoY9SzTThAsStm4Ptegq92vqKoE3vD706ZVFWITnMnxucw+S9Ipg==
  
  "@babel/helper-function-name@^7.19.0":
    version "7.19.0"
    resolved "https://registry.yarnpkg.com/@babel/helper-function-name/-/helper-function-name-7.19.0.tgz#941574ed5390682e872e52d3f38ce9d1bef4648c"
    integrity sha512-WAwHBINyrpqywkUH0nTnNgI5ina5TFn85HKS0pbPDfxFfhyR/aNQEn4hGi1P1JyT//I0t4OgXUlofzWILRvS5w==
    dependencies:
      "@babel/template" "^7.18.10"
      "@babel/types" "^7.19.0"
  
  "@babel/helper-hoist-variables@^7.18.6":
    version "7.18.6"
    resolved "https://registry.yarnpkg.com/@babel/helper-hoist-variables/-/helper-hoist-variables-7.18.6.tgz#d4d2c8fb4baeaa5c68b99cc8245c56554f926678"
    integrity sha512-UlJQPkFqFULIcyW5sbzgbkxn2FKRgwWiRexcuaR8RNJRy8+LLveqPjwZV/bwrLZCN0eUHD/x8D0heK1ozuoo6Q==
    dependencies:
      "@babel/types" "^7.18.6"
  
  "@babel/helper-module-imports@^7.18.6":
    version "7.18.6"
    resolved "https://registry.yarnpkg.com/@babel/helper-module-imports/-/helper-module-imports-7.18.6.tgz#1e3ebdbbd08aad1437b428c50204db13c5a3ca6e"
    integrity sha512-0NFvs3VkuSYbFi1x2Vd6tKrywq+z/cLeYC/RJNFrIX/30Bf5aiGYbtvGXolEktzJH8o5E5KJ3tT+nkxuuZFVlA==
    dependencies:
      "@babel/types" "^7.18.6"
  
  "@babel/helper-module-transforms@^7.20.11":
    version "7.20.11"
    resolved "https://registry.yarnpkg.com/@babel/helper-module-transforms/-/helper-module-transforms-7.20.11.tgz#df4c7af713c557938c50ea3ad0117a7944b2f1b0"
    integrity sha512-uRy78kN4psmji1s2QtbtcCSaj/LILFDp0f/ymhpQH5QY3nljUZCaNWz9X1dEj/8MBdBEFECs7yRhKn8i7NjZgg==
    dependencies:
      "@babel/helper-environment-visitor" "^7.18.9"
      "@babel/helper-module-imports" "^7.18.6"
      "@babel/helper-simple-access" "^7.20.2"
      "@babel/helper-split-export-declaration" "^7.18.6"
      "@babel/helper-validator-identifier" "^7.19.1"
      "@babel/template" "^7.20.7"
      "@babel/traverse" "^7.20.10"
      "@babel/types" "^7.20.7"
  
  "@babel/helper-plugin-utils@^7.18.6", "@babel/helper-plugin-utils@^7.19.0":
    version "7.20.2"
    resolved "https://registry.yarnpkg.com/@babel/helper-plugin-utils/-/helper-plugin-utils-7.20.2.tgz#d1b9000752b18d0877cff85a5c376ce5c3121629"
    integrity sha512-8RvlJG2mj4huQ4pZ+rU9lqKi9ZKiRmuvGuM2HlWmkmgOhbs6zEAw6IEiJ5cQqGbDzGZOhwuOQNtZMi/ENLjZoQ==
  
  "@babel/helper-simple-access@^7.20.2":
    version "7.20.2"
    resolved "https://registry.yarnpkg.com/@babel/helper-simple-access/-/helper-simple-access-7.20.2.tgz#0ab452687fe0c2cfb1e2b9e0015de07fc2d62dd9"
    integrity sha512-+0woI/WPq59IrqDYbVGfshjT5Dmk/nnbdpcF8SnMhhXObpTq2KNBdLFRFrkVdbDOyUmHBCxzm5FHV1rACIkIbA==
    dependencies:
      "@babel/types" "^7.20.2"
  
  "@babel/helper-split-export-declaration@^7.18.6":
    version "7.18.6"
    resolved "https://registry.yarnpkg.com/@babel/helper-split-export-declaration/-/helper-split-export-declaration-7.18.6.tgz#7367949bc75b20c6d5a5d4a97bba2824ae8ef075"
    integrity sha512-bde1etTx6ZyTmobl9LLMMQsaizFVZrquTEHOqKeQESMKo4PlObf+8+JA25ZsIpZhT/WEd39+vOdLXAFG/nELpA==
    dependencies:
      "@babel/types" "^7.18.6"
  
  "@babel/helper-string-parser@^7.19.4":
    version "7.19.4"
    resolved "https://registry.yarnpkg.com/@babel/helper-string-parser/-/helper-string-parser-7.19.4.tgz#38d3acb654b4701a9b77fb0615a96f775c3a9e63"
    integrity sha512-nHtDoQcuqFmwYNYPz3Rah5ph2p8PFeFCsZk9A/48dPc/rGocJ5J3hAAZ7pb76VWX3fZKu+uEr/FhH5jLx7umrw==
  
  "@babel/helper-validator-identifier@^7.18.6", "@babel/helper-validator-identifier@^7.19.1":
    version "7.19.1"
    resolved "https://registry.yarnpkg.com/@babel/helper-validator-identifier/-/helper-validator-identifier-7.19.1.tgz#7eea834cf32901ffdc1a7ee555e2f9c27e249ca2"
    integrity sha512-awrNfaMtnHUr653GgGEs++LlAvW6w+DcPrOliSMXWCKo597CwL5Acf/wWdNkf/tfEQE3mjkeD1YOVZOUV/od1w==
  
  "@babel/helper-validator-option@^7.18.6":
    version "7.18.6"
    resolved "https://registry.yarnpkg.com/@babel/helper-validator-option/-/helper-validator-option-7.18.6.tgz#bf0d2b5a509b1f336099e4ff36e1a63aa5db4db8"
    integrity sha512-XO7gESt5ouv/LRJdrVjkShckw6STTaB7l9BrpBaAHDeF5YZT+01PCwmR0SJHnkW6i8OwW/EVWRShfi4j2x+KQw==
  
  "@babel/helpers@^7.20.7":
    version "7.20.13"
    resolved "https://registry.yarnpkg.com/@babel/helpers/-/helpers-7.20.13.tgz#e3cb731fb70dc5337134cadc24cbbad31cc87ad2"
    integrity sha512-nzJ0DWCL3gB5RCXbUO3KIMMsBY2Eqbx8mBpKGE/02PgyRQFcPQLbkQ1vyy596mZLaP+dAfD+R4ckASzNVmW3jg==
    dependencies:
      "@babel/template" "^7.20.7"
      "@babel/traverse" "^7.20.13"
      "@babel/types" "^7.20.7"
  
  "@babel/highlight@^7.18.6":
    version "7.18.6"
    resolved "https://registry.yarnpkg.com/@babel/highlight/-/highlight-7.18.6.tgz#81158601e93e2563795adcbfbdf5d64be3f2ecdf"
    integrity sha512-u7stbOuYjaPezCuLj29hNW1v64M2Md2qupEKP1fHc7WdOA3DgLh37suiSrZYY7haUB7iBeQZ9P1uiRF359do3g==
    dependencies:
      "@babel/helper-validator-identifier" "^7.18.6"
      chalk "^2.0.0"
      js-tokens "^4.0.0"
  
  "@babel/parser@^7.20.13", "@babel/parser@^7.20.7":
    version "7.20.13"
    resolved "https://registry.yarnpkg.com/@babel/parser/-/parser-7.20.13.tgz#ddf1eb5a813588d2fb1692b70c6fce75b945c088"
    integrity sha512-gFDLKMfpiXCsjt4za2JA9oTMn70CeseCehb11kRZgvd7+F67Hih3OHOK24cRrWECJ/ljfPGac6ygXAs/C8kIvw==
  
  "@babel/plugin-transform-react-jsx-self@^7.18.6":
    version "7.18.6"
    resolved "https://registry.yarnpkg.com/@babel/plugin-transform-react-jsx-self/-/plugin-transform-react-jsx-self-7.18.6.tgz#3849401bab7ae8ffa1e3e5687c94a753fc75bda7"
    integrity sha512-A0LQGx4+4Jv7u/tWzoJF7alZwnBDQd6cGLh9P+Ttk4dpiL+J5p7NSNv/9tlEFFJDq3kjxOavWmbm6t0Gk+A3Ig==
    dependencies:
      "@babel/helper-plugin-utils" "^7.18.6"
  
  "@babel/plugin-transform-react-jsx-source@^7.19.6":
    version "7.19.6"
    resolved "https://registry.yarnpkg.com/@babel/plugin-transform-react-jsx-source/-/plugin-transform-react-jsx-source-7.19.6.tgz#88578ae8331e5887e8ce28e4c9dc83fb29da0b86"
    integrity sha512-RpAi004QyMNisst/pvSanoRdJ4q+jMCWyk9zdw/CyLB9j8RXEahodR6l2GyttDRyEVWZtbN+TpLiHJ3t34LbsQ==
    dependencies:
      "@babel/helper-plugin-utils" "^7.19.0"
  
  "@babel/runtime@^7.5.5", "@babel/runtime@^7.8.7":
    version "7.22.6"
    resolved "https://registry.yarnpkg.com/@babel/runtime/-/runtime-7.22.6.tgz#57d64b9ae3cff1d67eb067ae117dac087f5bd438"
    integrity sha512-wDb5pWm4WDdF6LFUde3Jl8WzPA+3ZbxYqkC6xAXuD3irdEHN1k0NfTRrJD8ZD378SJ61miMLCqIOXYhd8x+AJQ==
    dependencies:
      regenerator-runtime "^0.13.11"
  
  "@babel/template@^7.18.10", "@babel/template@^7.20.7":
    version "7.20.7"
    resolved "https://registry.yarnpkg.com/@babel/template/-/template-7.20.7.tgz#a15090c2839a83b02aa996c0b4994005841fd5a8"
    integrity sha512-8SegXApWe6VoNw0r9JHpSteLKTpTiLZ4rMlGIm9JQ18KiCtyQiAMEazujAHrUS5flrcqYZa75ukev3P6QmUwUw==
    dependencies:
      "@babel/code-frame" "^7.18.6"
      "@babel/parser" "^7.20.7"
      "@babel/types" "^7.20.7"
  
  "@babel/traverse@^7.20.10", "@babel/traverse@^7.20.12", "@babel/traverse@^7.20.13":
    version "7.20.13"
    resolved "https://registry.yarnpkg.com/@babel/traverse/-/traverse-7.20.13.tgz#817c1ba13d11accca89478bd5481b2d168d07473"
    integrity sha512-kMJXfF0T6DIS9E8cgdLCSAL+cuCK+YEZHWiLK0SXpTo8YRj5lpJu3CDNKiIBCne4m9hhTIqUg6SYTAI39tAiVQ==
    dependencies:
      "@babel/code-frame" "^7.18.6"
      "@babel/generator" "^7.20.7"
      "@babel/helper-environment-visitor" "^7.18.9"
      "@babel/helper-function-name" "^7.19.0"
      "@babel/helper-hoist-variables" "^7.18.6"
      "@babel/helper-split-export-declaration" "^7.18.6"
      "@babel/parser" "^7.20.13"
      "@babel/types" "^7.20.7"
      debug "^4.1.0"
      globals "^11.1.0"
  
  "@babel/types@^7.18.6", "@babel/types@^7.19.0", "@babel/types@^7.20.2", "@babel/types@^7.20.7":
    version "7.20.7"
    resolved "https://registry.yarnpkg.com/@babel/types/-/types-7.20.7.tgz#54ec75e252318423fc07fb644dc6a58a64c09b7f"
    integrity sha512-69OnhBxSSgK0OzTJai4kyPDiKTIe3j+ctaHdIGVbRahTLAT7L3R9oeXHC2aVSuGYt3cVnoAMDmOCgJ2yaiLMvg==
    dependencies:
      "@babel/helper-string-parser" "^7.19.4"
      "@babel/helper-validator-identifier" "^7.19.1"
      to-fast-properties "^2.0.0"
  
  "@esbuild/android-arm64@0.16.17":
    version "0.16.17"
    resolved "https://registry.yarnpkg.com/@esbuild/android-arm64/-/android-arm64-0.16.17.tgz#cf91e86df127aa3d141744edafcba0abdc577d23"
    integrity sha512-MIGl6p5sc3RDTLLkYL1MyL8BMRN4tLMRCn+yRJJmEDvYZ2M7tmAf80hx1kbNEUX2KJ50RRtxZ4JHLvCfuB6kBg==
  
  "@esbuild/android-arm@0.16.17":
    version "0.16.17"
    resolved "https://registry.yarnpkg.com/@esbuild/android-arm/-/android-arm-0.16.17.tgz#025b6246d3f68b7bbaa97069144fb5fb70f2fff2"
    integrity sha512-N9x1CMXVhtWEAMS7pNNONyA14f71VPQN9Cnavj1XQh6T7bskqiLLrSca4O0Vr8Wdcga943eThxnVp3JLnBMYtw==
  
  "@esbuild/android-x64@0.16.17":
    version "0.16.17"
    resolved "https://registry.yarnpkg.com/@esbuild/android-x64/-/android-x64-0.16.17.tgz#c820e0fef982f99a85c4b8bfdd582835f04cd96e"
    integrity sha512-a3kTv3m0Ghh4z1DaFEuEDfz3OLONKuFvI4Xqczqx4BqLyuFaFkuaG4j2MtA6fuWEFeC5x9IvqnX7drmRq/fyAQ==
  
  "@esbuild/darwin-arm64@0.16.17":
    version "0.16.17"
    resolved "https://registry.yarnpkg.com/@esbuild/darwin-arm64/-/darwin-arm64-0.16.17.tgz#edef4487af6b21afabba7be5132c26d22379b220"
    integrity sha512-/2agbUEfmxWHi9ARTX6OQ/KgXnOWfsNlTeLcoV7HSuSTv63E4DqtAc+2XqGw1KHxKMHGZgbVCZge7HXWX9Vn+w==
  
  "@esbuild/darwin-x64@0.16.17":
    version "0.16.17"
    resolved "https://registry.yarnpkg.com/@esbuild/darwin-x64/-/darwin-x64-0.16.17.tgz#42829168730071c41ef0d028d8319eea0e2904b4"
    integrity sha512-2By45OBHulkd9Svy5IOCZt376Aa2oOkiE9QWUK9fe6Tb+WDr8hXL3dpqi+DeLiMed8tVXspzsTAvd0jUl96wmg==
  
  "@esbuild/freebsd-arm64@0.16.17":
    version "0.16.17"
    resolved "https://registry.yarnpkg.com/@esbuild/freebsd-arm64/-/freebsd-arm64-0.16.17.tgz#1f4af488bfc7e9ced04207034d398e793b570a27"
    integrity sha512-mt+cxZe1tVx489VTb4mBAOo2aKSnJ33L9fr25JXpqQqzbUIw/yzIzi+NHwAXK2qYV1lEFp4OoVeThGjUbmWmdw==
  
  "@esbuild/freebsd-x64@0.16.17":
    version "0.16.17"
    resolved "https://registry.yarnpkg.com/@esbuild/freebsd-x64/-/freebsd-x64-0.16.17.tgz#636306f19e9bc981e06aa1d777302dad8fddaf72"
    integrity sha512-8ScTdNJl5idAKjH8zGAsN7RuWcyHG3BAvMNpKOBaqqR7EbUhhVHOqXRdL7oZvz8WNHL2pr5+eIT5c65kA6NHug==
  
  "@esbuild/linux-arm64@0.16.17":
    version "0.16.17"
    resolved "https://registry.yarnpkg.com/@esbuild/linux-arm64/-/linux-arm64-0.16.17.tgz#a003f7ff237c501e095d4f3a09e58fc7b25a4aca"
    integrity sha512-7S8gJnSlqKGVJunnMCrXHU9Q8Q/tQIxk/xL8BqAP64wchPCTzuM6W3Ra8cIa1HIflAvDnNOt2jaL17vaW+1V0g==
  
  "@esbuild/linux-arm@0.16.17":
    version "0.16.17"
    resolved "https://registry.yarnpkg.com/@esbuild/linux-arm/-/linux-arm-0.16.17.tgz#b591e6a59d9c4fe0eeadd4874b157ab78cf5f196"
    integrity sha512-iihzrWbD4gIT7j3caMzKb/RsFFHCwqqbrbH9SqUSRrdXkXaygSZCZg1FybsZz57Ju7N/SHEgPyaR0LZ8Zbe9gQ==
  
  "@esbuild/linux-ia32@0.16.17":
    version "0.16.17"
    resolved "https://registry.yarnpkg.com/@esbuild/linux-ia32/-/linux-ia32-0.16.17.tgz#24333a11027ef46a18f57019450a5188918e2a54"
    integrity sha512-kiX69+wcPAdgl3Lonh1VI7MBr16nktEvOfViszBSxygRQqSpzv7BffMKRPMFwzeJGPxcio0pdD3kYQGpqQ2SSg==
  
  "@esbuild/linux-loong64@0.16.17":
    version "0.16.17"
    resolved "https://registry.yarnpkg.com/@esbuild/linux-loong64/-/linux-loong64-0.16.17.tgz#d5ad459d41ed42bbd4d005256b31882ec52227d8"
    integrity sha512-dTzNnQwembNDhd654cA4QhbS9uDdXC3TKqMJjgOWsC0yNCbpzfWoXdZvp0mY7HU6nzk5E0zpRGGx3qoQg8T2DQ==
  
  "@esbuild/linux-mips64el@0.16.17":
    version "0.16.17"
    resolved "https://registry.yarnpkg.com/@esbuild/linux-mips64el/-/linux-mips64el-0.16.17.tgz#4e5967a665c38360b0a8205594377d4dcf9c3726"
    integrity sha512-ezbDkp2nDl0PfIUn0CsQ30kxfcLTlcx4Foz2kYv8qdC6ia2oX5Q3E/8m6lq84Dj/6b0FrkgD582fJMIfHhJfSw==
  
  "@esbuild/linux-ppc64@0.16.17":
    version "0.16.17"
    resolved "https://registry.yarnpkg.com/@esbuild/linux-ppc64/-/linux-ppc64-0.16.17.tgz#206443a02eb568f9fdf0b438fbd47d26e735afc8"
    integrity sha512-dzS678gYD1lJsW73zrFhDApLVdM3cUF2MvAa1D8K8KtcSKdLBPP4zZSLy6LFZ0jYqQdQ29bjAHJDgz0rVbLB3g==
  
  "@esbuild/linux-riscv64@0.16.17":
    version "0.16.17"
    resolved "https://registry.yarnpkg.com/@esbuild/linux-riscv64/-/linux-riscv64-0.16.17.tgz#c351e433d009bf256e798ad048152c8d76da2fc9"
    integrity sha512-ylNlVsxuFjZK8DQtNUwiMskh6nT0vI7kYl/4fZgV1llP5d6+HIeL/vmmm3jpuoo8+NuXjQVZxmKuhDApK0/cKw==
  
  "@esbuild/linux-s390x@0.16.17":
    version "0.16.17"
    resolved "https://registry.yarnpkg.com/@esbuild/linux-s390x/-/linux-s390x-0.16.17.tgz#661f271e5d59615b84b6801d1c2123ad13d9bd87"
    integrity sha512-gzy7nUTO4UA4oZ2wAMXPNBGTzZFP7mss3aKR2hH+/4UUkCOyqmjXiKpzGrY2TlEUhbbejzXVKKGazYcQTZWA/w==
  
  "@esbuild/linux-x64@0.16.17":
    version "0.16.17"
    resolved "https://registry.yarnpkg.com/@esbuild/linux-x64/-/linux-x64-0.16.17.tgz#e4ba18e8b149a89c982351443a377c723762b85f"
    integrity sha512-mdPjPxfnmoqhgpiEArqi4egmBAMYvaObgn4poorpUaqmvzzbvqbowRllQ+ZgzGVMGKaPkqUmPDOOFQRUFDmeUw==
  
  "@esbuild/netbsd-x64@0.16.17":
    version "0.16.17"
    resolved "https://registry.yarnpkg.com/@esbuild/netbsd-x64/-/netbsd-x64-0.16.17.tgz#7d4f4041e30c5c07dd24ffa295c73f06038ec775"
    integrity sha512-/PzmzD/zyAeTUsduZa32bn0ORug+Jd1EGGAUJvqfeixoEISYpGnAezN6lnJoskauoai0Jrs+XSyvDhppCPoKOA==
  
  "@esbuild/openbsd-x64@0.16.17":
    version "0.16.17"
    resolved "https://registry.yarnpkg.com/@esbuild/openbsd-x64/-/openbsd-x64-0.16.17.tgz#970fa7f8470681f3e6b1db0cc421a4af8060ec35"
    integrity sha512-2yaWJhvxGEz2RiftSk0UObqJa/b+rIAjnODJgv2GbGGpRwAfpgzyrg1WLK8rqA24mfZa9GvpjLcBBg8JHkoodg==
  
  "@esbuild/sunos-x64@0.16.17":
    version "0.16.17"
    resolved "https://registry.yarnpkg.com/@esbuild/sunos-x64/-/sunos-x64-0.16.17.tgz#abc60e7c4abf8b89fb7a4fe69a1484132238022c"
    integrity sha512-xtVUiev38tN0R3g8VhRfN7Zl42YCJvyBhRKw1RJjwE1d2emWTVToPLNEQj/5Qxc6lVFATDiy6LjVHYhIPrLxzw==
  
  "@esbuild/win32-arm64@0.16.17":
    version "0.16.17"
    resolved "https://registry.yarnpkg.com/@esbuild/win32-arm64/-/win32-arm64-0.16.17.tgz#7b0ff9e8c3265537a7a7b1fd9a24e7bd39fcd87a"
    integrity sha512-ga8+JqBDHY4b6fQAmOgtJJue36scANy4l/rL97W+0wYmijhxKetzZdKOJI7olaBaMhWt8Pac2McJdZLxXWUEQw==
  
  "@esbuild/win32-ia32@0.16.17":
    version "0.16.17"
    resolved "https://registry.yarnpkg.com/@esbuild/win32-ia32/-/win32-ia32-0.16.17.tgz#e90fe5267d71a7b7567afdc403dfd198c292eb09"
    integrity sha512-WnsKaf46uSSF/sZhwnqE4L/F89AYNMiD4YtEcYekBt9Q7nj0DiId2XH2Ng2PHM54qi5oPrQ8luuzGszqi/veig==
  
  "@esbuild/win32-x64@0.16.17":
    version "0.16.17"
    resolved "https://registry.yarnpkg.com/@esbuild/win32-x64/-/win32-x64-0.16.17.tgz#c5a1a4bfe1b57f0c3e61b29883525c6da3e5c091"
    integrity sha512-y+EHuSchhL7FjHgvQL/0fnnFmO4T1bhvWANX6gcnqTjtnKWbTvUMCpGnv2+t+31d7RzyEAYAd4u2fnIhHL6N/Q==
  
  "@jridgewell/gen-mapping@^0.1.0":
    version "0.1.1"
    resolved "https://registry.yarnpkg.com/@jridgewell/gen-mapping/-/gen-mapping-0.1.1.tgz#e5d2e450306a9491e3bd77e323e38d7aff315996"
    integrity sha512-sQXCasFk+U8lWYEe66WxRDOE9PjVz4vSM51fTu3Hw+ClTpUSQb718772vH3pyS5pShp6lvQM7SxgIDXXXmOX7w==
    dependencies:
      "@jridgewell/set-array" "^1.0.0"
      "@jridgewell/sourcemap-codec" "^1.4.10"
  
  "@jridgewell/gen-mapping@^0.3.2":
    version "0.3.2"
    resolved "https://registry.yarnpkg.com/@jridgewell/gen-mapping/-/gen-mapping-0.3.2.tgz#c1aedc61e853f2bb9f5dfe6d4442d3b565b253b9"
    integrity sha512-mh65xKQAzI6iBcFzwv28KVWSmCkdRBWoOh+bYQGW3+6OZvbbN3TqMGo5hqYxQniRcH9F2VZIoJCm4pa3BPDK/A==
    dependencies:
      "@jridgewell/set-array" "^1.0.1"
      "@jridgewell/sourcemap-codec" "^1.4.10"
      "@jridgewell/trace-mapping" "^0.3.9"
  
  "@jridgewell/resolve-uri@3.1.0":
    version "3.1.0"
    resolved "https://registry.yarnpkg.com/@jridgewell/resolve-uri/-/resolve-uri-3.1.0.tgz#2203b118c157721addfe69d47b70465463066d78"
    integrity sha512-F2msla3tad+Mfht5cJq7LSXcdudKTWCVYUgw6pLFOOHSTtZlj6SWNYAp+AhuqLmWdBO2X5hPrLcu8cVP8fy28w==
  
  "@jridgewell/set-array@^1.0.0", "@jridgewell/set-array@^1.0.1":
    version "1.1.2"
    resolved "https://registry.yarnpkg.com/@jridgewell/set-array/-/set-array-1.1.2.tgz#7c6cf998d6d20b914c0a55a91ae928ff25965e72"
    integrity sha512-xnkseuNADM0gt2bs+BvhO0p78Mk762YnZdsuzFV018NoG1Sj1SCQvpSqa7XUaTam5vAGasABV9qXASMKnFMwMw==
  
  "@jridgewell/sourcemap-codec@1.4.14", "@jridgewell/sourcemap-codec@^1.4.10", "@jridgewell/sourcemap-codec@^1.4.13":
    version "1.4.14"
    resolved "https://registry.yarnpkg.com/@jridgewell/sourcemap-codec/-/sourcemap-codec-1.4.14.tgz#add4c98d341472a289190b424efbdb096991bb24"
    integrity sha512-XPSJHWmi394fuUuzDnGz1wiKqWfo1yXecHQMRf2l6hztTO+nPru658AyDngaBe7isIxEkRsPR3FZh+s7iVa4Uw==
  
  "@jridgewell/trace-mapping@^0.3.9":
    version "0.3.17"
    resolved "https://registry.yarnpkg.com/@jridgewell/trace-mapping/-/trace-mapping-0.3.17.tgz#793041277af9073b0951a7fe0f0d8c4c98c36985"
    integrity sha512-MCNzAp77qzKca9+W/+I0+sEpaUnZoeasnghNeVc41VZCEKaCH73Vq3BZZ/SzWIgrqE4H4ceI+p+b6C0mHf9T4g==
    dependencies:
      "@jridgewell/resolve-uri" "3.1.0"
      "@jridgewell/sourcemap-codec" "1.4.14"
  
  "@remix-run/router@1.7.1":
    version "1.7.1"
    resolved "https://registry.yarnpkg.com/@remix-run/router/-/router-1.7.1.tgz#fea7ac35ae4014637c130011f59428f618730498"
    integrity sha512-bgVQM4ZJ2u2CM8k1ey70o1ePFXsEzYVZoWghh6WjM8p59jQ7HxzbHW4SbnWFG7V9ig9chLawQxDTZ3xzOF8MkQ==
  
  "@thednp/bezier-easing@^1.0.1":
    version "1.0.4"
    resolved "https://registry.yarnpkg.com/@thednp/bezier-easing/-/bezier-easing-1.0.4.tgz#fd144862546fc701e7d79d42b79ddcb32931ac49"
    integrity sha512-Pb5USFGQV6OKVrnZfs+A/JSLQ57rZ79FqXptctodarhlzS+ubcuT5+N3LYy2wnLonQau+QsNrZhfpzWZq+aFVw==
  
  "@thednp/shorty@^1.0.3":
    version "1.0.3"
    resolved "https://registry.yarnpkg.com/@thednp/shorty/-/shorty-1.0.3.tgz#65394e7420d2dd42d219f8da759a68f1a54564f0"
    integrity sha512-PPaERUGmRpi2eWxYUV5yv/pvalPgPOjwKRmRqGMWGuV8xgkvxgtjKIiFJA2D2ei4l4Ih9mEBktDg6Z9+y+To9Q==
  
  "@types/prop-types@*":
    version "15.7.5"
    resolved "https://registry.yarnpkg.com/@types/prop-types/-/prop-types-15.7.5.tgz#5f19d2b85a98e9558036f6a3cacc8819420f05cf"
    integrity sha512-JCB8C6SnDoQf0cNycqd/35A7MjcnK+ZTqE7judS6o7utxUCg6imJg3QK2qzHKszlTjcj2cn+NwMB2i96ubpj7w==
  
  "@types/react-dom@^18.0.9":
    version "18.0.10"
    resolved "https://registry.yarnpkg.com/@types/react-dom/-/react-dom-18.0.10.tgz#3b66dec56aa0f16a6cc26da9e9ca96c35c0b4352"
    integrity sha512-E42GW/JA4Qv15wQdqJq8DL4JhNpB3prJgjgapN3qJT9K2zO5IIAQh4VXvCEDupoqAwnz0cY4RlXeC/ajX5SFHg==
    dependencies:
      "@types/react" "*"
  
  "@types/react-transition-group@^4.4.6":
    version "4.4.6"
    resolved "https://registry.yarnpkg.com/@types/react-transition-group/-/react-transition-group-4.4.6.tgz#18187bcda5281f8e10dfc48f0943e2fdf4f75e2e"
    integrity sha512-VnCdSxfcm08KjsJVQcfBmhEQAPnLB8G08hAxn39azX1qYBQ/5RVQuoHuKIcfKOdncuaUvEpFKFzEvbtIMsfVew==
    dependencies:
      "@types/react" "*"
  
  "@types/react@*", "@types/react@^18.0.26":
    version "18.0.27"
    resolved "https://registry.yarnpkg.com/@types/react/-/react-18.0.27.tgz#d9425abe187a00f8a5ec182b010d4fd9da703b71"
    integrity sha512-3vtRKHgVxu3Jp9t718R9BuzoD4NcQ8YJ5XRzsSKxNDiDonD2MXIT1TmSkenxuCycZJoQT5d2vE8LwWJxBC1gmA==
    dependencies:
      "@types/prop-types" "*"
      "@types/scheduler" "*"
      csstype "^3.0.2"
  
  "@types/scheduler@*":
    version "0.16.2"
    resolved "https://registry.yarnpkg.com/@types/scheduler/-/scheduler-0.16.2.tgz#1a62f89525723dde24ba1b01b092bf5df8ad4d39"
    integrity sha512-hppQEBDmlwhFAXKJX2KnWLYu5yMfi91yazPb2l+lbJiwW+wdo1gNeRA+3RgNSO39WYX2euey41KEwnqesU2Jew==
  
  "@types/svg-path-parser@^1.1.3":
    version "1.1.3"
    resolved "https://registry.yarnpkg.com/@types/svg-path-parser/-/svg-path-parser-1.1.3.tgz#659aca2e886071e5c593e06206b6254bcb811202"
    integrity sha512-F1Y6lQIto5b2sKCseVUsFfY5J+8PIhhX4jrDVxpth4m7hwM2OdySh3iTLeR35lEhl/K4ZMEF+GDAwTl7yJcO5Q==
  
  "@vitejs/plugin-react@^3.0.0":
    version "3.0.1"
    resolved "https://registry.yarnpkg.com/@vitejs/plugin-react/-/plugin-react-3.0.1.tgz#ad21fb81377970dd4021a31cd95a03eb6f5c4c48"
    integrity sha512-mx+QvYwIbbpOIJw+hypjnW1lAbKDHtWK5ibkF/V1/oMBu8HU/chb+SnqJDAsLq1+7rGqjktCEomMTM5KShzUKQ==
    dependencies:
      "@babel/core" "^7.20.7"
      "@babel/plugin-transform-react-jsx-self" "^7.18.6"
      "@babel/plugin-transform-react-jsx-source" "^7.19.6"
      magic-string "^0.27.0"
      react-refresh "^0.14.0"
  
  ansi-styles@^3.2.1:
    version "3.2.1"
    resolved "https://registry.yarnpkg.com/ansi-styles/-/ansi-styles-3.2.1.tgz#41fbb20243e50b12be0f04b8dedbf07520ce841d"
    integrity sha512-VT0ZI6kZRdTh8YyJw3SMbYm/u+NqfsAxEpWO0Pf9sq8/e94WxxOpPKx9FR1FlyCtOVDNOQ+8ntlqFxiRc+r5qA==
    dependencies:
      color-convert "^1.9.0"
  
  anymatch@~3.1.2:
    version "3.1.3"
    resolved "https://registry.yarnpkg.com/anymatch/-/anymatch-3.1.3.tgz#790c58b19ba1720a84205b57c618d5ad8524973e"
    integrity sha512-KMReFUr0B4t+D+OBkjR3KYqvocp2XaSzO55UcB6mgQMd3KbcE+mWTyvVV7D/zsdEbNnV6acZUutkiHQXvTr1Rw==
    dependencies:
      normalize-path "^3.0.0"
      picomatch "^2.0.4"
  
  balanced-match@^1.0.0:
    version "1.0.2"
    resolved "https://registry.yarnpkg.com/balanced-match/-/balanced-match-1.0.2.tgz#e83e3a7e3f300b34cb9d87f615fa0cbf357690ee"
    integrity sha512-3oSeUO0TMV67hN1AmbXsK4yaqU7tjiHlbxRDZOpH0KW9+CeX4bRAaX0Anxt0tx2MrpRpWwQaPwIlISEJhYU5Pw==
  
  binary-extensions@^2.0.0:
    version "2.2.0"
    resolved "https://registry.yarnpkg.com/binary-extensions/-/binary-extensions-2.2.0.tgz#75f502eeaf9ffde42fc98829645be4ea76bd9e2d"
    integrity sha512-jDctJ/IVQbZoJykoeHbhXpOlNBqGNcwXJKJog42E5HDPUwQTSdjCHdihjj0DlnheQ7blbT6dHOafNAiS8ooQKA==
  
  brace-expansion@^1.1.7:
    version "1.1.11"
    resolved "https://registry.yarnpkg.com/brace-expansion/-/brace-expansion-1.1.11.tgz#3c7fcbf529d87226f3d2f52b966ff5271eb441dd"
    integrity sha512-iCuPHDFgrHX7H2vEI/5xpz07zSHB00TpugqhmYtVmMO6518mCuRMoOYFldEBl0g187ufozdaHgWKcYFb61qGiA==
    dependencies:
      balanced-match "^1.0.0"
      concat-map "0.0.1"
  
  braces@~3.0.2:
    version "3.0.2"
    resolved "https://registry.yarnpkg.com/braces/-/braces-3.0.2.tgz#3454e1a462ee8d599e236df336cd9ea4f8afe107"
    integrity sha512-b8um+L1RzM3WDSzvhm6gIz1yfTbBt6YTlcEKAvsmqCZZFw46z626lVj9j1yEPW33H5H+lBQpZMP1k8l+78Ha0A==
    dependencies:
      fill-range "^7.0.1"
  
  browserslist@^4.21.3:
    version "4.21.4"
    resolved "https://registry.yarnpkg.com/browserslist/-/browserslist-4.21.4.tgz#e7496bbc67b9e39dd0f98565feccdcb0d4ff6987"
    integrity sha512-CBHJJdDmgjl3daYjN5Cp5kbTf1mUhZoS+beLklHIvkOWscs83YAhLlF3Wsh/lciQYAcbBJgTOD44VtG31ZM4Hw==
    dependencies:
      caniuse-lite "^1.0.30001400"
      electron-to-chromium "^1.4.251"
      node-releases "^2.0.6"
      update-browserslist-db "^1.0.9"
  
  caniuse-lite@^1.0.30001400:
    version "1.0.30001448"
    resolved "https://registry.yarnpkg.com/caniuse-lite/-/caniuse-lite-1.0.30001448.tgz#ca7550b1587c92a392a2b377cd9c508b3b4395bf"
    integrity sha512-tq2YI+MJnooG96XpbTRYkBxLxklZPOdLmNIOdIhvf7SNJan6u5vCKum8iT7ZfCt70m1GPkuC7P3TtX6UuhupuA==
  
  chalk@^2.0.0:
    version "2.4.2"
    resolved "https://registry.yarnpkg.com/chalk/-/chalk-2.4.2.tgz#cd42541677a54333cf541a49108c1432b44c9424"
    integrity sha512-Mti+f9lpJNcwF4tWV8/OrTTtF1gZi+f8FqlyAdouralcFWFQWF2+NgCHShjkCb+IFBLq9buZwE1xckQU4peSuQ==
    dependencies:
      ansi-styles "^3.2.1"
      escape-string-regexp "^1.0.5"
      supports-color "^5.3.0"
  
  "chokidar@>=3.0.0 <4.0.0":
    version "3.5.3"
    resolved "https://registry.yarnpkg.com/chokidar/-/chokidar-3.5.3.tgz#1cf37c8707b932bd1af1ae22c0432e2acd1903bd"
    integrity sha512-Dr3sfKRP6oTcjf2JmUmFJfeVMvXBdegxB0iVQ5eb2V10uFJUCAS8OByZdVAyVb8xXNz3GjjTgj9kLWsZTqE6kw==
    dependencies:
      anymatch "~3.1.2"
      braces "~3.0.2"
      glob-parent "~5.1.2"
      is-binary-path "~2.1.0"
      is-glob "~4.0.1"
      normalize-path "~3.0.0"
      readdirp "~3.6.0"
    optionalDependencies:
      fsevents "~2.3.2"
  
  color-convert@^1.9.0:
    version "1.9.3"
    resolved "https://registry.yarnpkg.com/color-convert/-/color-convert-1.9.3.tgz#bb71850690e1f136567de629d2d5471deda4c1e8"
    integrity sha512-QfAUtd+vFdAtFQcC8CCyYt1fYWxSqAiK2cSD6zDB8N3cpsEBAvRxp9zOGg6G/SHHJYAT88/az/IuDGALsNVbGg==
    dependencies:
      color-name "1.1.3"
  
  color-name@1.1.3:
    version "1.1.3"
    resolved "https://registry.yarnpkg.com/color-name/-/color-name-1.1.3.tgz#a7d0558bd89c42f795dd42328f740831ca53bc25"
    integrity sha512-72fSenhMw2HZMTVHeCA9KCmpEIbzWiQsjN+BHcBbS9vr1mtt+vJjPdksIBNUmKAW8TFUDPJK5SUU3QhE9NEXDw==
  
  concat-map@0.0.1:
    version "0.0.1"
    resolved "https://registry.yarnpkg.com/concat-map/-/concat-map-0.0.1.tgz#d8a96bd77fd68df7793a73036a3ba0d5405d477b"
    integrity sha512-/Srv4dswyQNBfohGpz9o6Yb3Gz3SrUDqBH5rTuhGR7ahtlbYKnVxw2bCFMRljaA7EXHaXZ8wsHdodFvbkhKmqg==
  
  convert-source-map@^1.7.0:
    version "1.9.0"
    resolved "https://registry.yarnpkg.com/convert-source-map/-/convert-source-map-1.9.0.tgz#7faae62353fb4213366d0ca98358d22e8368b05f"
    integrity sha512-ASFBup0Mz1uyiIjANan1jzLQami9z1PoYSZCiiYW2FczPbenXc45FZdBZLzOT+r6+iciuEModtmCti+hjaAk0A==
  
  csstype@^3.0.2:
    version "3.1.1"
    resolved "https://registry.yarnpkg.com/csstype/-/csstype-3.1.1.tgz#841b532c45c758ee546a11d5bd7b7b473c8c30b9"
    integrity sha512-DJR/VvkAvSZW9bTouZue2sSxDwdTN92uHjqeKVm+0dAqdfNykRzQ95tay8aXMBAAPpUiq4Qcug2L7neoRh2Egw==
  
  debug@^4.1.0:
    version "4.3.4"
    resolved "https://registry.yarnpkg.com/debug/-/debug-4.3.4.tgz#1319f6579357f2338d3337d2cdd4914bb5dcc865"
    integrity sha512-PRWFHuSU3eDtQJPvnNY7Jcket1j0t5OuOsFzPPzsekD52Zl8qUfFIPEiswXqIvHWGVHOgX+7G/vCNNhehwxfkQ==
    dependencies:
      ms "2.1.2"
  
  deep-eql@^4.1.3:
    version "4.1.3"
    resolved "https://registry.yarnpkg.com/deep-eql/-/deep-eql-4.1.3.tgz#7c7775513092f7df98d8df9996dd085eb668cc6d"
    integrity sha512-WaEtAOpRA1MQ0eohqZjpGD8zdI0Ovsm8mmFhaDN8dvDZzyoUMcYDnf5Y6iu7HTXxf8JDS23qWa4a+hKCDyOPzw==
    dependencies:
      type-detect "^4.0.0"
  
  dom-helpers@^5.0.1:
    version "5.2.1"
    resolved "https://registry.yarnpkg.com/dom-helpers/-/dom-helpers-5.2.1.tgz#d9400536b2bf8225ad98fe052e029451ac40e902"
    integrity sha512-nRCa7CK3VTrM2NmGkIy4cbK7IZlgBE/PYMn55rrXefr5xXDP0LdtfPnblFDoVdcAfslJ7or6iqAUnx0CCGIWQA==
    dependencies:
      "@babel/runtime" "^7.8.7"
      csstype "^3.0.2"
  
  dommatrix@^1.0.3:
    version "1.0.3"
    resolved "https://registry.yarnpkg.com/dommatrix/-/dommatrix-1.0.3.tgz#e7c18e8d6f3abdd1fef3dd4aa74c4d2e620a0525"
    integrity sha512-l32Xp/TLgWb8ReqbVJAFIvXmY7go4nTxxlWiAFyhoQw9RKEOHBZNnyGvJWqDVSPmq3Y9HlM4npqF/T6VMOXhww==
  
  easy-pie-chart@^2.1.7:
    version "2.1.7"
    resolved "https://registry.yarnpkg.com/easy-pie-chart/-/easy-pie-chart-2.1.7.tgz#35e49fb7daf9a94e52b8294f51626919bcaee7cc"
    integrity sha512-kf2n24kRO1/YYxGFZ5ueKjkgriLd7gq18HUj4PVmnbENW19xT/EcW3Q2X9HIlloVeEssgF2JDW+I0rzcTMofeQ==
  
  electron-to-chromium@^1.4.251:
    version "1.4.284"
    resolved "https://registry.yarnpkg.com/electron-to-chromium/-/electron-to-chromium-1.4.284.tgz#61046d1e4cab3a25238f6bf7413795270f125592"
    integrity sha512-M8WEXFuKXMYMVr45fo8mq0wUrrJHheiKZf6BArTKk9ZBYCKJEOU5H8cdWgDT+qCVZf7Na4lVUaZsA+h6uA9+PA==
  
  esbuild@^0.16.3:
    version "0.16.17"
    resolved "https://registry.yarnpkg.com/esbuild/-/esbuild-0.16.17.tgz#fc2c3914c57ee750635fee71b89f615f25065259"
    integrity sha512-G8LEkV0XzDMNwXKgM0Jwu3nY3lSTwSGY6XbxM9cr9+s0T/qSV1q1JVPBGzm3dcjhCic9+emZDmMffkwgPeOeLg==
    optionalDependencies:
      "@esbuild/android-arm" "0.16.17"
      "@esbuild/android-arm64" "0.16.17"
      "@esbuild/android-x64" "0.16.17"
      "@esbuild/darwin-arm64" "0.16.17"
      "@esbuild/darwin-x64" "0.16.17"
      "@esbuild/freebsd-arm64" "0.16.17"
      "@esbuild/freebsd-x64" "0.16.17"
      "@esbuild/linux-arm" "0.16.17"
      "@esbuild/linux-arm64" "0.16.17"
      "@esbuild/linux-ia32" "0.16.17"
      "@esbuild/linux-loong64" "0.16.17"
      "@esbuild/linux-mips64el" "0.16.17"
      "@esbuild/linux-ppc64" "0.16.17"
      "@esbuild/linux-riscv64" "0.16.17"
      "@esbuild/linux-s390x" "0.16.17"
      "@esbuild/linux-x64" "0.16.17"
      "@esbuild/netbsd-x64" "0.16.17"
      "@esbuild/openbsd-x64" "0.16.17"
      "@esbuild/sunos-x64" "0.16.17"
      "@esbuild/win32-arm64" "0.16.17"
      "@esbuild/win32-ia32" "0.16.17"
      "@esbuild/win32-x64" "0.16.17"
  
  escalade@^3.1.1:
    version "3.1.1"
    resolved "https://registry.yarnpkg.com/escalade/-/escalade-3.1.1.tgz#d8cfdc7000965c5a0174b4a82eaa5c0552742e40"
    integrity sha512-k0er2gUkLf8O0zKJiAhmkTnJlTvINGv7ygDNPbeIsX/TJjGJZHuh9B2UxbsaEkmlEo9MfhrSzmhIlhRlI2GXnw==
  
  escape-string-regexp@^1.0.5:
    version "1.0.5"
    resolved "https://registry.yarnpkg.com/escape-string-regexp/-/escape-string-regexp-1.0.5.tgz#1b61c0562190a8dff6ae3bb2cf0200ca130b86d4"
    integrity sha512-vbRorB5FUQWvla16U8R/qgaFIya2qGzwDrNmCZuYKrbdSUMG6I1ZCGQRefkRVhuOkIGVne7BQ35DSfo1qvJqFg==
  
  fill-range@^7.0.1:
    version "7.0.1"
    resolved "https://registry.yarnpkg.com/fill-range/-/fill-range-7.0.1.tgz#1919a6a7c75fe38b2c7c77e5198535da9acdda40"
    integrity sha512-qOo9F+dMUmC2Lcb4BbVvnKJxTPjCm+RRpe4gDuGrzkL7mEVl/djYSu2OdQ2Pa302N4oqkSg9ir6jaLWJ2USVpQ==
    dependencies:
      to-regex-range "^5.0.1"
  
  fsevents@~2.3.2:
    version "2.3.2"
    resolved "https://registry.yarnpkg.com/fsevents/-/fsevents-2.3.2.tgz#8a526f78b8fdf4623b709e0b975c52c24c02fd1a"
    integrity sha512-xiqMQR4xAeHTuB9uWm+fFRcIOgKBMiOBP+eXiyT7jsgVCq1bkVygt00oASowB7EdtpOHaaPgKt812P9ab+DDKA==
  
  function-bind@^1.1.1:
    version "1.1.1"
    resolved "https://registry.yarnpkg.com/function-bind/-/function-bind-1.1.1.tgz#a56899d3ea3c9bab874bb9773b7c5ede92f4895d"
    integrity sha512-yIovAzMX49sF8Yl58fSCWJ5svSLuaibPxXQJFLmBObTuCr0Mf1KiPopGM9NiFjiYBCbfaa2Fh6breQ6ANVTI0A==
  
  gensync@^1.0.0-beta.2:
    version "1.0.0-beta.2"
    resolved "https://registry.yarnpkg.com/gensync/-/gensync-1.0.0-beta.2.tgz#32a6ee76c3d7f52d46b2b1ae5d93fea8580a25e0"
    integrity sha512-3hN7NaskYvMDLQY55gnW3NQ+mesEAepTqlg+VEbj7zzqEMBVNhzcGYYeqFo/TlYz6eQiFcp1HcsCZO+nGgS8zg==
  
  glob-parent@~5.1.2:
    version "5.1.2"
    resolved "https://registry.yarnpkg.com/glob-parent/-/glob-parent-5.1.2.tgz#869832c58034fe68a4093c17dc15e8340d8401c4"
    integrity sha512-AOIgSQCepiJYwP3ARnGx+5VnTu2HBYdzbGP45eLw1vr3zB3vZLeyed1sC9hnbcOc9/SrMyM5RPQrkGz4aS9Zow==
    dependencies:
      is-glob "^4.0.1"
  
  globals@^11.1.0:
    version "11.12.0"
    resolved "https://registry.yarnpkg.com/globals/-/globals-11.12.0.tgz#ab8795338868a0babd8525758018c2a7eb95c42e"
    integrity sha512-WOBp/EEGUiIsJSp7wcv/y6MO+lV9UoncWqxuFfm8eBwzWNgyfBd6Gz+IeKQ9jCmyhoH99g15M3T+QaVHFjizVA==
  
  has-flag@^3.0.0:
    version "3.0.0"
    resolved "https://registry.yarnpkg.com/has-flag/-/has-flag-3.0.0.tgz#b5d454dc2199ae225699f3467e5a07f3b955bafd"
    integrity sha512-sKJf1+ceQBr4SMkvQnBDNDtf4TXpVhVGateu0t918bl30FnbE2m4vNLX+VWe/dpjlb+HugGYzW7uQXH98HPEYw==
  
  has@^1.0.3:
    version "1.0.3"
    resolved "https://registry.yarnpkg.com/has/-/has-1.0.3.tgz#722d7cbfc1f6aa8241f16dd814e011e1f41e8796"
    integrity sha512-f2dvO0VU6Oej7RkWJGrehjbzMAjFp5/VKPp5tTpWIV4JHHZK1/BxbFRtf/siA2SWTe09caDmVtYYzWEIbBS4zw==
    dependencies:
      function-bind "^1.1.1"
  
  immutable@^4.0.0:
    version "4.2.2"
    resolved "https://registry.yarnpkg.com/immutable/-/immutable-4.2.2.tgz#2da9ff4384a4330c36d4d1bc88e90f9e0b0ccd16"
    integrity sha512-fTMKDwtbvO5tldky9QZ2fMX7slR0mYpY5nbnFWYp0fOzDhHqhgIw9KoYgxLWsoNTS9ZHGauHj18DTyEw6BK3Og==
  
  is-binary-path@~2.1.0:
    version "2.1.0"
    resolved "https://registry.yarnpkg.com/is-binary-path/-/is-binary-path-2.1.0.tgz#ea1f7f3b80f064236e83470f86c09c254fb45b09"
    integrity sha512-ZMERYes6pDydyuGidse7OsHxtbI7WVeUEozgR/g7rd0xUimYNlvZRE/K2MgZTjWy725IfelLeVcEM97mmtRGXw==
    dependencies:
      binary-extensions "^2.0.0"
  
  is-core-module@^2.9.0:
    version "2.11.0"
    resolved "https://registry.yarnpkg.com/is-core-module/-/is-core-module-2.11.0.tgz#ad4cb3e3863e814523c96f3f58d26cc570ff0144"
    integrity sha512-RRjxlvLDkD1YJwDbroBHMb+cukurkDWNyHx7D3oNB5x9rb5ogcksMC5wHCadcXoo67gVr/+3GFySh3134zi6rw==
    dependencies:
      has "^1.0.3"
  
  is-extglob@^2.1.1:
    version "2.1.1"
    resolved "https://registry.yarnpkg.com/is-extglob/-/is-extglob-2.1.1.tgz#a88c02535791f02ed37c76a1b9ea9773c833f8c2"
    integrity sha512-SbKbANkN603Vi4jEZv49LeVJMn4yGwsbzZworEoyEiutsN3nJYdbO36zfhGJ6QEDpOZIFkDtnq5JRxmvl3jsoQ==
  
  is-glob@^4.0.1, is-glob@~4.0.1:
    version "4.0.3"
    resolved "https://registry.yarnpkg.com/is-glob/-/is-glob-4.0.3.tgz#64f61e42cbbb2eec2071a9dac0b28ba1e65d5084"
    integrity sha512-xelSayHH36ZgE7ZWhli7pW34hNbNl8Ojv5KVmkJD4hBdD3th8Tfk9vYasLM+mXWOZhFkgZfxhLSnrwRr4elSSg==
    dependencies:
      is-extglob "^2.1.1"
  
  is-number@^7.0.0:
    version "7.0.0"
    resolved "https://registry.yarnpkg.com/is-number/-/is-number-7.0.0.tgz#7535345b896734d5f80c4d06c50955527a14f12b"
    integrity sha512-41Cifkg6e8TylSpdtTpeLVMqvSBEVzTttHvERD741+pnZ8ANv0004MRL43QKPDlK9cGvNp6NZWZUBlbGXYxxng==
  
  "js-tokens@^3.0.0 || ^4.0.0", js-tokens@^4.0.0:
    version "4.0.0"
    resolved "https://registry.yarnpkg.com/js-tokens/-/js-tokens-4.0.0.tgz#19203fb59991df98e3a287050d4647cdeaf32499"
    integrity sha512-RdJUflcE3cUzKiMqQgsCu06FPu9UdIJO0beYbPhHN4k6apgJtifcoCtT9bcxOpYBtpD2kCM6Sbzg4CausW/PKQ==
  
  jsesc@^2.5.1:
    version "2.5.2"
    resolved "https://registry.yarnpkg.com/jsesc/-/jsesc-2.5.2.tgz#80564d2e483dacf6e8ef209650a67df3f0c283a4"
    integrity sha512-OYu7XEzjkCQ3C5Ps3QIZsQfNpqoJyZZA99wd9aWd05NCtC5pWOkShK2mkL6HXQR6/Cy2lbNdPlZBpuQHXE63gA==
  
  json5@^2.2.2:
    version "2.2.3"
    resolved "https://registry.yarnpkg.com/json5/-/json5-2.2.3.tgz#78cd6f1a19bdc12b73db5ad0c61efd66c1e29283"
    integrity sha512-XmOWe7eyHYH14cLdVPoyg+GOH3rYX++KpzrylJwSW98t3Nk+U8XOl8FWKOgwtzdb8lXGf6zYwDUzeHMWfxasyg==
  
  kute.js@^2.2.4:
    version "2.2.4"
    resolved "https://registry.yarnpkg.com/kute.js/-/kute.js-2.2.4.tgz#e1ac07f7c558c478143a971cd5bdb12eaa586c2c"
    integrity sha512-M63qfJplLT/1+qeRdFtHimC0D4fqUyRqHJcsnWWTY9s+isB6TsNNx/oSR2XzMm4CsY9Rvqurd+xUYSyJggmhbQ==
    dependencies:
      "@thednp/bezier-easing" "^1.0.1"
      "@thednp/shorty" "^1.0.3"
      minifill "^0.0.17"
      svg-path-commander "1.0.5"
  
  loose-envify@^1.1.0, loose-envify@^1.4.0:
    version "1.4.0"
    resolved "https://registry.yarnpkg.com/loose-envify/-/loose-envify-1.4.0.tgz#71ee51fa7be4caec1a63839f7e682d8132d30caf"
    integrity sha512-lyuxPGr/Wfhrlem2CL/UcnUc1zcqKAImBDzukY7Y5F/yQiNdko6+fRLevlw1HgMySw7f611UIY408EtxRSoK3Q==
    dependencies:
      js-tokens "^3.0.0 || ^4.0.0"
  
  lru-cache@^5.1.1:
    version "5.1.1"
    resolved "https://registry.yarnpkg.com/lru-cache/-/lru-cache-5.1.1.tgz#1da27e6710271947695daf6848e847f01d84b920"
    integrity sha512-KpNARQA3Iwv+jTA0utUVVbrh+Jlrr1Fv0e56GGzAFOXN7dk/FviaDW8LHmK52DlcH4WP2n6gI8vN1aesBFgo9w==
    dependencies:
      yallist "^3.0.2"
  
  magic-string@^0.27.0:
    version "0.27.0"
    resolved "https://registry.yarnpkg.com/magic-string/-/magic-string-0.27.0.tgz#e4a3413b4bab6d98d2becffd48b4a257effdbbf3"
    integrity sha512-8UnnX2PeRAPZuN12svgR9j7M1uWMovg/CEnIwIG0LFkXSJJe4PdfUGiTGl8V9bsBHFUtfVINcSyYxd7q+kx9fA==
    dependencies:
      "@jridgewell/sourcemap-codec" "^1.4.13"
  
  mailgo@^0.12.2:
    version "0.12.2"
    resolved "https://registry.yarnpkg.com/mailgo/-/mailgo-0.12.2.tgz#b5373c027e475c933dbeabee6e2a71c516608428"
    integrity sha512-iX4F3eOhPJ+12YlM51UNV8yTYwxHywaGP1C9Qaep/iNP2ZS+xzqHR7U3o+7HoCL19gZKysc7+MwgBEiRy8ogzA==
  
  minifill@^0.0.17:
    version "0.0.17"
    resolved "https://registry.yarnpkg.com/minifill/-/minifill-0.0.17.tgz#8e5fab670e07f14ec67b2459735bb1fbfc48f2b0"
    integrity sha512-tV56LFXsi8vjH4tUExtlu8aPKKQw/U/mn4OIrDU9x30H+9sP8/dWFbXzkAPmcH6o+9fho98kyafnk4VgQViYQQ==
  
  minimatch@^3.0.2:
    version "3.1.2"
    resolved "https://registry.yarnpkg.com/minimatch/-/minimatch-3.1.2.tgz#19cd194bfd3e428f049a70817c038d89ab4be35b"
    integrity sha512-J7p63hRiAjw1NDEww1W7i37+ByIrOWO5XQQAzZ3VOcL0PNybwpfmV/N05zFAzwQ9USyEcX6t3UO+K5aqBQOIHw==
    dependencies:
      brace-expansion "^1.1.7"
  
  ms@2.1.2:
    version "2.1.2"
    resolved "https://registry.yarnpkg.com/ms/-/ms-2.1.2.tgz#d09d1f357b443f493382a8eb3ccd183872ae6009"
    integrity sha512-sGkPx+VjMtmA6MX27oA4FBFELFCZZ4S4XqeGOXCv68tT+jb3vk/RyaKWP0PTKyWtmLSM0b+adUTEvbs1PEaH2w==
  
  nanoid@^3.3.4:
    version "3.3.4"
    resolved "https://registry.yarnpkg.com/nanoid/-/nanoid-3.3.4.tgz#730b67e3cd09e2deacf03c027c81c9d9dbc5e8ab"
    integrity sha512-MqBkQh/OHTS2egovRtLk45wEyNXwF+cokD+1YPf9u5VfJiRdAiRwB2froX5Co9Rh20xs4siNPm8naNotSD6RBw==
  
  node-dir@^0.1.17:
    version "0.1.17"
    resolved "https://registry.yarnpkg.com/node-dir/-/node-dir-0.1.17.tgz#5f5665d93351335caabef8f1c554516cf5f1e4e5"
    integrity sha512-tmPX422rYgofd4epzrNoOXiE8XFZYOcCq1vD7MAXCDO+O+zndlA2ztdKKMa+EeuBG5tHETpr4ml4RGgpqDCCAg==
    dependencies:
      minimatch "^3.0.2"
  
  node-releases@^2.0.6:
    version "2.0.8"
    resolved "https://registry.yarnpkg.com/node-releases/-/node-releases-2.0.8.tgz#0f349cdc8fcfa39a92ac0be9bc48b7706292b9ae"
    integrity sha512-dFSmB8fFHEH/s81Xi+Y/15DQY6VHW81nXRj86EMSL3lmuTmK1e+aT4wrFCkTbm+gSwkw4KpX+rT/pMM2c1mF+A==
  
  normalize-path@^3.0.0, normalize-path@~3.0.0:
    version "3.0.0"
    resolved "https://registry.yarnpkg.com/normalize-path/-/normalize-path-3.0.0.tgz#0dcd69ff23a1c9b11fd0978316644a0388216a65"
    integrity sha512-6eZs5Ls3WtCisHWp9S2GUy8dqkpGi4BVSz3GaqiE6ezub0512ESztXUwUB6C6IKbQkY2Pnb/mD4WYojCRwcwLA==
  
  object-assign@^4.1.1:
    version "4.1.1"
    resolved "https://registry.yarnpkg.com/object-assign/-/object-assign-4.1.1.tgz#2109adc7965887cfc05cbbd442cac8bfbb360863"
    integrity sha512-rJgTQnkUnH1sFw8yT6VSU3zD3sWmu6sZhIseY8VX+GRu3P6F7Fu+JNDoXfklElbLJSnc3FUQHVe4cU5hj+BcUg==
  
  path-parse@^1.0.7:
    version "1.0.7"
    resolved "https://registry.yarnpkg.com/path-parse/-/path-parse-1.0.7.tgz#fbc114b60ca42b30d9daf5858e4bd68bbedb6735"
    integrity sha512-LDJzPVEEEPR+y48z93A0Ed0yXb8pAByGWo/k5YYdYgpY2/2EsOsksJrq7lOHxryrVOn1ejG6oAp8ahvOIQD8sw==
  
  picocolors@^1.0.0:
    version "1.0.0"
    resolved "https://registry.yarnpkg.com/picocolors/-/picocolors-1.0.0.tgz#cb5bdc74ff3f51892236eaf79d68bc44564ab81c"
    integrity sha512-1fygroTLlHu66zi26VoTDv8yRgm0Fccecssto+MhsZ0D/DGW2sm8E8AjW7NU5VVTRt5GxbeZ5qBuJr+HyLYkjQ==
  
  picomatch@^2.0.4, picomatch@^2.2.1:
    version "2.3.1"
    resolved "https://registry.yarnpkg.com/picomatch/-/picomatch-2.3.1.tgz#3ba3833733646d9d3e4995946c1365a67fb07a42"
    integrity sha512-JU3teHTNjmE2VCGFzuY8EXzCDVwEqB2a8fsIvwaStHhAWJEeVd1o1QD80CU6+ZdEXXSLbSsuLwJjkCBWqRQUVA==
  
  postcss@^8.4.20:
    version "8.4.21"
    resolved "https://registry.yarnpkg.com/postcss/-/postcss-8.4.21.tgz#c639b719a57efc3187b13a1d765675485f4134f4"
    integrity sha512-tP7u/Sn/dVxK2NnruI4H9BG+x+Wxz6oeZ1cJ8P6G/PZY0IKk4k/63TDsQf2kQq3+qoJeLm2kIBUNlZe3zgb4Zg==
    dependencies:
      nanoid "^3.3.4"
      picocolors "^1.0.0"
      source-map-js "^1.0.2"
  
  prop-types@^15.6.2, prop-types@^15.7.2, prop-types@^15.8.1:
    version "15.8.1"
    resolved "https://registry.yarnpkg.com/prop-types/-/prop-types-15.8.1.tgz#67d87bf1a694f48435cf332c24af10214a3140b5"
    integrity sha512-oj87CgZICdulUohogVAR7AjlC0327U4el4L6eAvOqCeudMDVU0NThNaV+b9Df4dXgSP1gXMTnPdhfe/2qDH5cg==
    dependencies:
      loose-envify "^1.4.0"
      object-assign "^4.1.1"
      react-is "^16.13.1"
  
  react-dom@^18.2.0:
    version "18.2.0"
    resolved "https://registry.yarnpkg.com/react-dom/-/react-dom-18.2.0.tgz#22aaf38708db2674ed9ada224ca4aa708d821e3d"
    integrity sha512-6IMTriUmvsjHUjNtEDudZfuDQUoWXVxKHhlEGSk81n4YFS+r/Kl99wXiwlVXtPBtJenozv2P+hxDsw9eA7Xo6g==
    dependencies:
      loose-envify "^1.1.0"
      scheduler "^0.23.0"
  
  react-dust-effect@^0.0.7:
    version "0.0.7"
    resolved "https://registry.yarnpkg.com/react-dust-effect/-/react-dust-effect-0.0.7.tgz#9f18fab5b4ef7a74d005217c274155d2414056c0"
    integrity sha512-OGuT+9UYNKSYiS0IrS9TL6OOxyy517u6oy3I1POVGTaCnHVv8AJ9BnG7VEhDa2h77An9EqF2aF85JV606ZseAQ==
    dependencies:
      prop-types "^15.7.2"
  
  react-icons@^4.10.1:
    version "4.10.1"
    resolved "https://registry.yarnpkg.com/react-icons/-/react-icons-4.10.1.tgz#3f3b5eec1f63c1796f6a26174a1091ca6437a500"
    integrity sha512-/ngzDP/77tlCfqthiiGNZeYFACw85fUjZtLbedmJ5DTlNDIwETxhwBzdOJ21zj4iJdvc0J3y7yOsX3PpxAJzrw==
  
  react-is@^16.13.1:
    version "16.13.1"
    resolved "https://registry.yarnpkg.com/react-is/-/react-is-16.13.1.tgz#789729a4dc36de2999dc156dd6c1d9c18cea56a4"
    integrity sha512-24e6ynE2H+OKt4kqsOvNd8kBpV65zoxbA4BVsEOB3ARVWQki/DHzaUoC5KuON/BiccDaCCTZBuOcfZs70kR8bQ==
  
  react-minimal-pie-chart@^8.4.0:
    version "8.4.0"
    resolved "https://registry.yarnpkg.com/react-minimal-pie-chart/-/react-minimal-pie-chart-8.4.0.tgz#c784dd3dffa9aee5c5396c0cb8ece814fd02e0e8"
    integrity sha512-A0wG+6mRjboyMxMDrzQNWp+2+GSn2ai4ERzRFHLp/OCC45PwIR1DpDVjwedawO+5AtFpzBRQKSFm3ZUxrqIEzA==
    dependencies:
      "@types/svg-path-parser" "^1.1.3"
  
  react-refresh@^0.14.0:
    version "0.14.0"
    resolved "https://registry.yarnpkg.com/react-refresh/-/react-refresh-0.14.0.tgz#4e02825378a5f227079554d4284889354e5f553e"
    integrity sha512-wViHqhAd8OHeLS/IRMJjTSDHF3U9eWi62F/MledQGPdJGDhodXJ9PBLNGr6WWL7qlH12Mt3TyTpbS+hGXMjCzQ==
  
  react-router-dom@^6.14.1:
    version "6.14.1"
    resolved "https://registry.yarnpkg.com/react-router-dom/-/react-router-dom-6.14.1.tgz#0ad7ba7abdf75baa61169d49f096f0494907a36f"
    integrity sha512-ssF6M5UkQjHK70fgukCJyjlda0Dgono2QGwqGvuk7D+EDGHdacEN3Yke2LTMjkrpHuFwBfDFsEjGVXBDmL+bWw==
    dependencies:
      "@remix-run/router" "1.7.1"
      react-router "6.14.1"
  
  react-router@6.14.1:
    version "6.14.1"
    resolved "https://registry.yarnpkg.com/react-router/-/react-router-6.14.1.tgz#5e82bcdabf21add859dc04b1859f91066b3a5810"
    integrity sha512-U4PfgvG55LdvbQjg5Y9QRWyVxIdO1LlpYT7x+tMAxd9/vmiPuJhIwdxZuIQLN/9e3O4KFDHYfR9gzGeYMasW8g==
    dependencies:
      "@remix-run/router" "1.7.1"
  
  react-simple-typewriter@^5.0.1:
    version "5.0.1"
    resolved "https://registry.yarnpkg.com/react-simple-typewriter/-/react-simple-typewriter-5.0.1.tgz#cfdb896c868a55ed4d5f1f06d62b3a9d0f5ad9d7"
    integrity sha512-vA5HkABwJKL/DJ4RshSlY/igdr+FiVY4MLsSQYJX6FZG/f1/VwN4y1i3mPXRyfaswrvI8xii1kOVe1dYtO2Row==
  
  react-swipeable@^7.0.1:
    version "7.0.1"
    resolved "https://registry.yarnpkg.com/react-swipeable/-/react-swipeable-7.0.1.tgz#cd299f5986c5e4a7ee979839658c228f660e1e0c"
    integrity sha512-RKB17JdQzvECfnVj9yDZsiYn3vH0eyva/ZbrCZXZR0qp66PBRhtg4F9yJcJTWYT5Adadi+x4NoG53BxKHwIYLQ==
  
  react-transition-group@^4.4.5:
    version "4.4.5"
    resolved "https://registry.yarnpkg.com/react-transition-group/-/react-transition-group-4.4.5.tgz#e53d4e3f3344da8521489fbef8f2581d42becdd1"
    integrity sha512-pZcd1MCJoiKiBR2NRxeCRg13uCXbydPnmB4EOeRrY7480qNWO8IIgQG6zlDkm6uRMsURXPuKq0GWtiM59a5Q6g==
    dependencies:
      "@babel/runtime" "^7.5.5"
      dom-helpers "^5.0.1"
      loose-envify "^1.4.0"
      prop-types "^15.6.2"
  
  react-tsparticles@^2.10.1:
    version "2.10.1"
    resolved "https://registry.yarnpkg.com/react-tsparticles/-/react-tsparticles-2.10.1.tgz#6015e9da0fee4f5827a9756bc7e9c3b50b4b1824"
    integrity sha512-l/xzw9ZOV9M0WJTsZh6AE0SQ9gqZCeGpLsKdm5rr6qWk1DEOd/szbQca3DQENTjQNXXwqZZjKuoAOomnLlRvuA==
    dependencies:
      deep-eql "^4.1.3"
      tsparticles-engine "^2.10.1"
  
  react-wavify@^1.8.3:
    version "1.8.3"
    resolved "https://registry.yarnpkg.com/react-wavify/-/react-wavify-1.8.3.tgz#5e78862920ff4205a5564bbc5a29cfd186b10b1d"
    integrity sha512-SmlzjtHm6s7cs1618k63ieMkRhVg+BKbcq3SyTGJ48oRcuxgr5zPdywBnK3J4EzbpPX0dCu4PA04G80KSyDkxg==
    dependencies:
      prop-types "^15.8.1"
  
  react@^18.2.0:
    version "18.2.0"
    resolved "https://registry.yarnpkg.com/react/-/react-18.2.0.tgz#555bd98592883255fa00de14f1151a917b5d77d5"
    integrity sha512-/3IjMdb2L9QbBdWiW5e3P2/npwMBaU9mHCSCUzNln0ZCYbcfTsGbTJrU/kGemdH2IWmB2ioZ+zkxtmq6g09fGQ==
    dependencies:
      loose-envify "^1.1.0"
  
  readdirp@~3.6.0:
    version "3.6.0"
    resolved "https://registry.yarnpkg.com/readdirp/-/readdirp-3.6.0.tgz#74a370bd857116e245b29cc97340cd431a02a6c7"
    integrity sha512-hOS089on8RduqdbhvQ5Z37A0ESjsqz6qnRcffsMU3495FuTdqSm+7bhJ29JvIOsBDEEnan5DPu9t3To9VRlMzA==
    dependencies:
      picomatch "^2.2.1"
  
  regenerator-runtime@^0.13.11:
    version "0.13.11"
    resolved "https://registry.yarnpkg.com/regenerator-runtime/-/regenerator-runtime-0.13.11.tgz#f6dca3e7ceec20590d07ada785636a90cdca17f9"
    integrity sha512-kY1AZVr2Ra+t+piVaJ4gxaFaReZVH40AKNo7UCX6W+dEwBo/2oZJzqfuN1qLq1oL45o56cPaTXELwrTh8Fpggg==
  
  require-context@^1.1.0:
    version "1.1.0"
    resolved "https://registry.yarnpkg.com/require-context/-/require-context-1.1.0.tgz#f77e60dddb0a296946e6915bf580c73dbe75ab4d"
    integrity sha512-nfYSy3Q9W3W1fCo0nief19bDq216IGY9+wOUsmCWAJ5jssyak0r110rvqIj4KJYoUYDxLDaeA66ONOYy4PJEUw==
    dependencies:
      node-dir "^0.1.17"
  
  resolve@^1.22.1:
    version "1.22.1"
    resolved "https://registry.yarnpkg.com/resolve/-/resolve-1.22.1.tgz#27cb2ebb53f91abb49470a928bba7558066ac177"
    integrity sha512-nBpuuYuY5jFsli/JIs1oldw6fOQCBioohqWZg/2hiaOybXOft4lonv85uDOKXdf8rhyK159cxU5cDcK/NKk8zw==
    dependencies:
      is-core-module "^2.9.0"
      path-parse "^1.0.7"
      supports-preserve-symlinks-flag "^1.0.0"
  
  rollup@^3.7.0:
    version "3.11.0"
    resolved "https://registry.yarnpkg.com/rollup/-/rollup-3.11.0.tgz#89c487441b18b7c689a0c9aa4221e03b87535461"
    integrity sha512-+uWPPkpWQ2H3Qi7sNBcRfhhHJyUNgBYhG4wKe5wuGRj2m55kpo+0p5jubKNBjQODyPe6tSBE3tNpdDwEisQvAQ==
    optionalDependencies:
      fsevents "~2.3.2"
  
  sass@^1.57.1:
    version "1.57.1"
    resolved "https://registry.yarnpkg.com/sass/-/sass-1.57.1.tgz#dfafd46eb3ab94817145e8825208ecf7281119b5"
    integrity sha512-O2+LwLS79op7GI0xZ8fqzF7X2m/m8WFfI02dHOdsK5R2ECeS5F62zrwg/relM1rjSLy7Vd/DiMNIvPrQGsA0jw==
    dependencies:
      chokidar ">=3.0.0 <4.0.0"
      immutable "^4.0.0"
      source-map-js ">=0.6.2 <2.0.0"
  
  scheduler@^0.23.0:
    version "0.23.0"
    resolved "https://registry.yarnpkg.com/scheduler/-/scheduler-0.23.0.tgz#ba8041afc3d30eb206a487b6b384002e4e61fdfe"
    integrity sha512-CtuThmgHNg7zIZWAXi3AsyIzA3n4xx7aNyjwC2VJldO2LMVDhFK+63xGqq6CsJH4rTAt6/M+N4GhZiDYPx9eUw==
    dependencies:
      loose-envify "^1.1.0"
  
  semver@^6.3.0:
    version "6.3.0"
    resolved "https://registry.yarnpkg.com/semver/-/semver-6.3.0.tgz#ee0a64c8af5e8ceea67687b133761e1becbd1d3d"
    integrity sha512-b39TBaTSfV6yBrapU89p5fKekE2m/NwnDocOVruQFS1/veMgdzuPcnOM34M6CwxW8jH/lxEa5rBoDeUwu5HHTw==
  
  "source-map-js@>=0.6.2 <2.0.0", source-map-js@^1.0.2:
    version "1.0.2"
    resolved "https://registry.yarnpkg.com/source-map-js/-/source-map-js-1.0.2.tgz#adbc361d9c62df380125e7f161f71c826f1e490c"
    integrity sha512-R0XvVJ9WusLiqTCEiGCmICCMplcCkIwwR11mOSD9CR5u+IXYdiseeEuXCVAjS54zqwkLcPNnmU4OeJ6tUrWhDw==
  
  supports-color@^5.3.0:
    version "5.5.0"
    resolved "https://registry.yarnpkg.com/supports-color/-/supports-color-5.5.0.tgz#e2e69a44ac8772f78a1ec0b35b689df6530efc8f"
    integrity sha512-QjVjwdXIt408MIiAqCX4oUKsgU2EqAGzs2Ppkm4aQYbjm+ZEWEcW4SfFNTr4uMNZma0ey4f5lgLrkB0aX0QMow==
    dependencies:
      has-flag "^3.0.0"
  
  supports-preserve-symlinks-flag@^1.0.0:
    version "1.0.0"
    resolved "https://registry.yarnpkg.com/supports-preserve-symlinks-flag/-/supports-preserve-symlinks-flag-1.0.0.tgz#6eda4bd344a3c94aea376d4cc31bc77311039e09"
    integrity sha512-ot0WnXS9fgdkgIcePe6RHNk1WA8+muPa6cSjeR3V8K27q9BB1rTE3R1p7Hv0z1ZyAc8s6Vvv8DIyWf681MAt0w==
  
  svg-path-commander@1.0.5:
    version "1.0.5"
    resolved "https://registry.yarnpkg.com/svg-path-commander/-/svg-path-commander-1.0.5.tgz#99590f05795364af201ed9e29ad1b5b748c44629"
    integrity sha512-hhQfARVXoPrwwe4DNPWM4hjQLK7rTxwQ+TUc5mxoe5g0k5eStc4SPnKqmivlm/dzZ98bI+yDyKye92n2t+oOiQ==
    dependencies:
      dommatrix "^1.0.3"
  
  to-fast-properties@^2.0.0:
    version "2.0.0"
    resolved "https://registry.yarnpkg.com/to-fast-properties/-/to-fast-properties-2.0.0.tgz#dc5e698cbd079265bc73e0377681a4e4e83f616e"
    integrity sha512-/OaKK0xYrs3DmxRYqL/yDc+FxFUVYhDlXMhRmv3z915w2HF1tnN1omB354j8VUGO/hbRzyD6Y3sA7v7GS/ceog==
  
  to-regex-range@^5.0.1:
    version "5.0.1"
    resolved "https://registry.yarnpkg.com/to-regex-range/-/to-regex-range-5.0.1.tgz#1648c44aae7c8d988a326018ed72f5b4dd0392e4"
    integrity sha512-65P7iz6X5yEr1cwcgvQxbbIw7Uk3gOy5dIdtZ4rDveLqhrdJP+Li/Hx6tyK0NEb+2GCyneCMJiGqrADCSNk8sQ==
    dependencies:
      is-number "^7.0.0"
  
  tsparticles-basic@^2.12.0:
    version "2.12.0"
    resolved "https://registry.yarnpkg.com/tsparticles-basic/-/tsparticles-basic-2.12.0.tgz#39fd8cc31cf625b8c7c9dc517c4cb9943cafa5f4"
    integrity sha512-pN6FBpL0UsIUXjYbiui5+IVsbIItbQGOlwyGV55g6IYJBgdTNXgFX0HRYZGE9ZZ9psEXqzqwLM37zvWnb5AG9g==
    dependencies:
      tsparticles-engine "^2.12.0"
      tsparticles-move-base "^2.12.0"
      tsparticles-shape-circle "^2.12.0"
      tsparticles-updater-color "^2.12.0"
      tsparticles-updater-opacity "^2.12.0"
      tsparticles-updater-out-modes "^2.12.0"
      tsparticles-updater-size "^2.12.0"
  
  tsparticles-engine@^2.10.1:
    version "2.10.1"
    resolved "https://registry.yarnpkg.com/tsparticles-engine/-/tsparticles-engine-2.10.1.tgz#43097da18ea6b4123f12115fcbd5243d45e85fd7"
    integrity sha512-DV2gYsbChyiXYIZYgnXtKHSAZdvnNMJpVf9Cw0gO7vjQ6pcgLAeyboRtvsaTfwKZNzzA7BeSf1lVhgGxorL4CQ==
  
  tsparticles-engine@^2.12.0:
    version "2.12.0"
    resolved "https://registry.yarnpkg.com/tsparticles-engine/-/tsparticles-engine-2.12.0.tgz#4a52a8de4ab6085180abf27f4720f47caa1455fc"
    integrity sha512-ZjDIYex6jBJ4iMc9+z0uPe7SgBnmb6l+EJm83MPIsOny9lPpetMsnw/8YJ3xdxn8hV+S3myTpTN1CkOVmFv0QQ==
  
  tsparticles-interaction-external-attract@^2.10.1:
    version "2.10.1"
    resolved "https://registry.yarnpkg.com/tsparticles-interaction-external-attract/-/tsparticles-interaction-external-attract-2.10.1.tgz#805319d33e03fd9fdcc3b73281725c387f92e216"
    integrity sha512-n/G8YWmoBc8CxZgwPwRA858bWe0dyl/7HS7sUi72m64ptzZlMEcUzfMD6v+PoqTsypLRLN4vWIiGoczkZKxOuw==
    dependencies:
      tsparticles-engine "^2.10.1"
  
  tsparticles-interaction-external-bounce@^2.10.1:
    version "2.10.1"
    resolved "https://registry.yarnpkg.com/tsparticles-interaction-external-bounce/-/tsparticles-interaction-external-bounce-2.10.1.tgz#a64d454562bd24c7d9a68b2c7c44c66937665560"
    integrity sha512-XKsZ8eQJy3w+bjqJYbgOTs3BpL4ykB4Ank7xUNxOgkjtVz/YtUJyCEBlVN+2aRZGLnbFEs2ZZGQVIx+6wyjcCw==
    dependencies:
      tsparticles-engine "^2.10.1"
  
  tsparticles-interaction-external-bubble@^2.10.1:
    version "2.10.1"
    resolved "https://registry.yarnpkg.com/tsparticles-interaction-external-bubble/-/tsparticles-interaction-external-bubble-2.10.1.tgz#4894503a7d5a2142ace5f47ba3225ab83d7756f1"
    integrity sha512-tY2rySRyyn89K2bjE0gWXI5nuBZljjIW2UbY7rOqd7YeGm6FrcUfuuU1G0sG13cX/u0ufRYi0kDnzCvlfLqwJg==
    dependencies:
      tsparticles-engine "^2.10.1"
  
  tsparticles-interaction-external-connect@^2.10.1:
    version "2.10.1"
    resolved "https://registry.yarnpkg.com/tsparticles-interaction-external-connect/-/tsparticles-interaction-external-connect-2.10.1.tgz#f9441edcd1c3292e4e70cd45f3a441b75ddbddca"
    integrity sha512-tNPlc0csQa9vrzSarlAw+K2YbB5EDU302OkejVUWc7h58hxpPgzR3Fy8O2CsFy8OC1Pw6MNUO+5grG+QvCMj3A==
    dependencies:
      tsparticles-engine "^2.10.1"
  
  tsparticles-interaction-external-grab@^2.10.1:
    version "2.10.1"
    resolved "https://registry.yarnpkg.com/tsparticles-interaction-external-grab/-/tsparticles-interaction-external-grab-2.10.1.tgz#8217f44316f3e702a4d04d4dc31a5890521fac6c"
    integrity sha512-5HPjZ4BaRi0k6dUq3UBf/vQ+eMS/e2GERsFMQz8p1Efm7SLz3Uu6gDu3AnamKtzQLUPVtlaUIS+BCsFPZ6EM8w==
    dependencies:
      tsparticles-engine "^2.10.1"
  
  tsparticles-interaction-external-pause@^2.10.1:
    version "2.10.1"
    resolved "https://registry.yarnpkg.com/tsparticles-interaction-external-pause/-/tsparticles-interaction-external-pause-2.10.1.tgz#e5784258f6468c55d9bc465a75f09df681d75f98"
    integrity sha512-eW5mh/+tM2ipKXyvDZ1MCj6pMTEBStzB+p4coVYfvn2mBXgviY1ktPbN4yGAJc8Fii6YdeqgKQxw7JHSFe6HbQ==
    dependencies:
      tsparticles-engine "^2.10.1"
  
  tsparticles-interaction-external-push@^2.10.1:
    version "2.10.1"
    resolved "https://registry.yarnpkg.com/tsparticles-interaction-external-push/-/tsparticles-interaction-external-push-2.10.1.tgz#23c4268d4c6c596d45cb4c4f1b58f1365c5635f2"
    integrity sha512-cjpEnjxN0OEIZwVRDVLdBIEnS0aYxOlV8K7TVtIDvWCAEWi52C+YnVu7XHzr9CGERVlBOElQSLua5CvoM0XYSA==
    dependencies:
      tsparticles-engine "^2.10.1"
  
  tsparticles-interaction-external-remove@^2.10.1:
    version "2.10.1"
    resolved "https://registry.yarnpkg.com/tsparticles-interaction-external-remove/-/tsparticles-interaction-external-remove-2.10.1.tgz#358b7d35f686d7fb98a29627901592bb2d2a96ea"
    integrity sha512-6qi4Q61JkmOhPCOf8NXGqWHb1uMlp/BQteSWSEBR1a/jztcbzEpz90spYsObettfZaNDPqVSUiGN4uHtX747CA==
    dependencies:
      tsparticles-engine "^2.10.1"
  
  tsparticles-interaction-external-repulse@^2.10.1:
    version "2.10.1"
    resolved "https://registry.yarnpkg.com/tsparticles-interaction-external-repulse/-/tsparticles-interaction-external-repulse-2.10.1.tgz#d77ff39849060bafb8f354ccf3c73619ac2496ec"
    integrity sha512-t4P9ReEBejBYP6Hjrm9jRioFcFTlEuahD1BK7roYaG2pvesBubCmIzS5Gzr79ZEvUQNpQ0r3KmYFIVZyBqaVbQ==
    dependencies:
      tsparticles-engine "^2.10.1"
  
  tsparticles-interaction-external-slow@^2.10.1:
    version "2.10.1"
    resolved "https://registry.yarnpkg.com/tsparticles-interaction-external-slow/-/tsparticles-interaction-external-slow-2.10.1.tgz#ab88e1fdb1bfefd12d87fe6b74f8b82cf2f93a0b"
    integrity sha512-XAnUscVedw/cMiGJIM7rJ+7RfJSLYWET1WT2eo86B/A3YrDawg2xL5QdzfqurKalvnwRBhAYjpQM0qp6w9//Pw==
    dependencies:
      tsparticles-engine "^2.10.1"
  
  tsparticles-interaction-external-trail@^2.10.1:
    version "2.10.1"
    resolved "https://registry.yarnpkg.com/tsparticles-interaction-external-trail/-/tsparticles-interaction-external-trail-2.10.1.tgz#26a1774e1d29d65d9dea979469a6c0929138494b"
    integrity sha512-ubGdlLi7JPeunof4roAx/c1BAVWPHqwRcnZK61TPVF3yITsrWli3j5g52KU+kcPaqfdlnRB1rqB6dMjUU2omlA==
    dependencies:
      tsparticles-engine "^2.10.1"
  
  tsparticles-interaction-particles-attract@^2.10.1:
    version "2.10.1"
    resolved "https://registry.yarnpkg.com/tsparticles-interaction-particles-attract/-/tsparticles-interaction-particles-attract-2.10.1.tgz#1a7c8d4db502e3fc34bfc6a500e36e1291d4454b"
    integrity sha512-o7p8Te65HXMM/8Qev8wyA4if4W+5VtfD/hTziQEt5Fp3mdxXWdit7jgfvOYnphJoswD0Cr5rEEjvhGuHGoC3dw==
    dependencies:
      tsparticles-engine "^2.10.1"
  
  tsparticles-interaction-particles-collisions@^2.10.1:
    version "2.10.1"
    resolved "https://registry.yarnpkg.com/tsparticles-interaction-particles-collisions/-/tsparticles-interaction-particles-collisions-2.10.1.tgz#dd804d1a7709686beb26a493ec90ce8bcf0004ee"
    integrity sha512-xSijIyjhUOOZEvdk59HZJksBM8BXUbOtNHx7di7qguUmeQ+MeB2GbP8sje/xSEA1wAEzeD6FFBmOTtDlZQTWOg==
    dependencies:
      tsparticles-engine "^2.10.1"
  
  tsparticles-interaction-particles-links@^2.10.1:
    version "2.10.1"
    resolved "https://registry.yarnpkg.com/tsparticles-interaction-particles-links/-/tsparticles-interaction-particles-links-2.10.1.tgz#280b42a6603b9489abf39fb99f88fd73ee346da6"
    integrity sha512-O6NkvV5muOsitJkicW3eqwPCjkRDWZzY5Twq8NkqCKTXkzpQtow8ByTMKcIWsW1GR6ltylrgyCId5KMwLRArbA==
    dependencies:
      tsparticles-engine "^2.10.1"
  
  tsparticles-interaction-particles-links@^2.12.0:
    version "2.12.0"
    resolved "https://registry.yarnpkg.com/tsparticles-interaction-particles-links/-/tsparticles-interaction-particles-links-2.12.0.tgz#2716106bf9f29ef3bb64600c6b56ec895553d2b1"
    integrity sha512-e7I8gRs4rmKfcsHONXMkJnymRWpxHmeaJIo4g2NaDRjIgeb2AcJSWKWZvrsoLnm7zvaf/cMQlbN6vQwCixYq3A==
    dependencies:
      tsparticles-engine "^2.12.0"
  
  tsparticles-move-base@^2.10.1:
    version "2.10.1"
    resolved "https://registry.yarnpkg.com/tsparticles-move-base/-/tsparticles-move-base-2.10.1.tgz#8a5e5036e6477d2dec2f2991a1d4506f75c18d53"
    integrity sha512-Q7JHIRPuJZw/Jz7vEeCePMR/69ace5rpWPqZ3+KLJnrtayxDEvj4tNRjnPtZusJ1Ve+wp0IxjOwrfGxeHxbmsQ==
    dependencies:
      tsparticles-engine "^2.10.1"
  
  tsparticles-move-base@^2.12.0:
    version "2.12.0"
    resolved "https://registry.yarnpkg.com/tsparticles-move-base/-/tsparticles-move-base-2.12.0.tgz#22a0bf5c5a6a21db868c31d3172c1434e3e9e45a"
    integrity sha512-oSogCDougIImq+iRtIFJD0YFArlorSi8IW3HD2gO3USkH+aNn3ZqZNTqp321uB08K34HpS263DTbhLHa/D6BWw==
    dependencies:
      tsparticles-engine "^2.12.0"
  
  tsparticles-move-parallax@^2.10.1:
    version "2.10.1"
    resolved "https://registry.yarnpkg.com/tsparticles-move-parallax/-/tsparticles-move-parallax-2.10.1.tgz#946ac2361f2b62c527d9950df1f9698cfafb44f3"
    integrity sha512-FeP+rwanLZvFtftPjTbzJCTZa6kSgP2UWa9WL3VUWzXWTt2UKqPeahhtNqXyRvjqxtVlcZDxFeX7lOvdDHxTNA==
    dependencies:
      tsparticles-engine "^2.10.1"
  
  tsparticles-particles.js@^2.10.1:
    version "2.10.1"
    resolved "https://registry.yarnpkg.com/tsparticles-particles.js/-/tsparticles-particles.js-2.10.1.tgz#6ed0ffd530f75b0b9a7b6f28abf8ac444699d16d"
    integrity sha512-9mtKrvAJ6bQVUvZlPfea48RwoKUM5qz/NYtXbxpPjJxfsHLnie6R6brHl+8DgrP710UO4rVN2jyPZLvwHWVfyQ==
    dependencies:
      tsparticles-engine "^2.10.1"
  
  tsparticles-plugin-absorbers@^2.10.1:
    version "2.10.1"
    resolved "https://registry.yarnpkg.com/tsparticles-plugin-absorbers/-/tsparticles-plugin-absorbers-2.10.1.tgz#a01d906e282717ab1a64cfe6d1650175cd974636"
    integrity sha512-OSQCtIrWyDJc32Q6hk1B0vWrMATTZtqeu2mGR1Jg5d2/Ur4q9QkDB5oSYmAT1LVCEz0aipyOwqMaRBh5a65S2Q==
    dependencies:
      tsparticles-engine "^2.10.1"
  
  tsparticles-plugin-easing-quad@^2.10.1:
    version "2.10.1"
    resolved "https://registry.yarnpkg.com/tsparticles-plugin-easing-quad/-/tsparticles-plugin-easing-quad-2.10.1.tgz#c49578872ebf930925776e9cf287e47f750d8cc7"
    integrity sha512-KJHqsEgX4PSaG0gUE/oSd9kcxxRKuC+VbblN1YLsamMw1lPwNulxgh0hOWg3j87YasiUH+LkyC+XvyzF8/x8pQ==
    dependencies:
      tsparticles-engine "^2.10.1"
  
  tsparticles-plugin-emitters@^2.10.1:
    version "2.10.1"
    resolved "https://registry.yarnpkg.com/tsparticles-plugin-emitters/-/tsparticles-plugin-emitters-2.10.1.tgz#016828958860fb9282891f768b11c92d6d2661e5"
    integrity sha512-SHuPH0qYA70gWNeOzn3DXk9W/IjTMtbeYhHWLOruTThrcLgBT4bRI5ooLnITjraMaTYf4FWdl7Mi/1MRkT5yUg==
    dependencies:
      tsparticles-engine "^2.10.1"
  
  tsparticles-preset-links@^2.12.0:
    version "2.12.0"
    resolved "https://registry.yarnpkg.com/tsparticles-preset-links/-/tsparticles-preset-links-2.12.0.tgz#d91e663a0b189d29a86df5f7c99a65519064d1e5"
    integrity sha512-ZWr4oDUVt+166lEmgjNCzysOXmyYAMH2ZD9dGIbqxamXK2TRt1/2JOj4edExiA3Qjml1zIu8TJ24yGRFF+FFMA==
    dependencies:
      tsparticles-basic "^2.12.0"
      tsparticles-engine "^2.12.0"
      tsparticles-interaction-particles-links "^2.12.0"
  
  tsparticles-shape-circle@^2.10.1:
    version "2.10.1"
    resolved "https://registry.yarnpkg.com/tsparticles-shape-circle/-/tsparticles-shape-circle-2.10.1.tgz#bea5da274d35b857acb3ab3c779fb2ff3d8d2368"
    integrity sha512-oWfoF1rwBNDS8X8EBZVwt/UF9wBqh3OpV71LxCvTE9lh73FeUeQZ9aSW46t9XODIsNBMPbnAQNkP1wz4zNiw2A==
    dependencies:
      tsparticles-engine "^2.10.1"
  
  tsparticles-shape-circle@^2.12.0:
    version "2.12.0"
    resolved "https://registry.yarnpkg.com/tsparticles-shape-circle/-/tsparticles-shape-circle-2.12.0.tgz#52757d222145c3f80b02d3c51e6158aee0af024c"
    integrity sha512-L6OngbAlbadG7b783x16ns3+SZ7i0SSB66M8xGa5/k+YcY7zm8zG0uPt1Hd+xQDR2aNA3RngVM10O23/Lwk65Q==
    dependencies:
      tsparticles-engine "^2.12.0"
  
  tsparticles-shape-image@^2.10.1:
    version "2.10.1"
    resolved "https://registry.yarnpkg.com/tsparticles-shape-image/-/tsparticles-shape-image-2.10.1.tgz#53a3fea45cce0a3dbaa516c2434df7836ed1af6f"
    integrity sha512-elayAfRPJquv9GhPYpWmDQ4oyRQqa1poxidyKL0qhnU35nyk2yW3fW2awX2QrBDdU+HusBQgP64k+v6HZApsdg==
    dependencies:
      tsparticles-engine "^2.10.1"
  
  tsparticles-shape-line@^2.10.1:
    version "2.10.1"
    resolved "https://registry.yarnpkg.com/tsparticles-shape-line/-/tsparticles-shape-line-2.10.1.tgz#68fed2fd616e9e55f99c2041979792849f2cdaba"
    integrity sha512-3BWNjY0l1vsvKJvMMjkFNtCts3YPOnnd9w4d0d19XXv03jWNbhXC159Xeho/w+jlVcQWsExMxhVPlJYLOPa+Qw==
    dependencies:
      tsparticles-engine "^2.10.1"
  
  tsparticles-shape-polygon@^2.10.1:
    version "2.10.1"
    resolved "https://registry.yarnpkg.com/tsparticles-shape-polygon/-/tsparticles-shape-polygon-2.10.1.tgz#522f037619614be0a80a17c62150ee39bf0b1a0a"
    integrity sha512-ycNJ9j3fNDkqh02J2NUQhNSXxXjQ/GYa9XIuy8dbUTfOrTcMnx7+u0dOSG8gcqp0F8EovLhOlansLYQbEuV4wQ==
    dependencies:
      tsparticles-engine "^2.10.1"
  
  tsparticles-shape-square@^2.10.1:
    version "2.10.1"
    resolved "https://registry.yarnpkg.com/tsparticles-shape-square/-/tsparticles-shape-square-2.10.1.tgz#f5b43f3604fda9b801094f404efb29cb87df0a8f"
    integrity sha512-mThpV69K96piNuuti74t2xWKXUJ8fGBXVRg+s72lP34mTbF2O5S4A+HMQMixLLbiq1TFgcLGf7MfxRMRo9sZBA==
    dependencies:
      tsparticles-engine "^2.10.1"
  
  tsparticles-shape-star@^2.10.1:
    version "2.10.1"
    resolved "https://registry.yarnpkg.com/tsparticles-shape-star/-/tsparticles-shape-star-2.10.1.tgz#0018d3f133c902705189c3287ab00edf7730bcb0"
    integrity sha512-IWydbZ+ttv8+yyC3OucZvOffyYDZxfsHQYg1w8pWS5p/CyB4Ln+dn0Jp7TDDz/Y7HEaEr4mIzMHyL7ZQTj2wIw==
    dependencies:
      tsparticles-engine "^2.10.1"
  
  tsparticles-shape-text@^2.10.1:
    version "2.10.1"
    resolved "https://registry.yarnpkg.com/tsparticles-shape-text/-/tsparticles-shape-text-2.10.1.tgz#47acd0eed10e49930500aba0e7c4868ebf270b5c"
    integrity sha512-g2f3CPj/M4rKCKA18eKFOC6D90p+aToPFKzADVmJhDx7I3k5VAM/y/IDkQTDc1w6DmTOvEd5BY+QrYbfTvs+YQ==
    dependencies:
      tsparticles-engine "^2.10.1"
  
  tsparticles-slim@^2.10.1:
    version "2.10.1"
    resolved "https://registry.yarnpkg.com/tsparticles-slim/-/tsparticles-slim-2.10.1.tgz#0793a5d3b16de2139b390526e0430c617ee2d1e6"
    integrity sha512-A2DMPfZKINQp4GtW2rVv435flaLAun8MMZnOEdZdpnk51tbPHiBTVybfzYZVSOK2B7z8uCzmaplTyYkyDZsk1A==
    dependencies:
      tsparticles-engine "^2.10.1"
      tsparticles-interaction-external-attract "^2.10.1"
      tsparticles-interaction-external-bounce "^2.10.1"
      tsparticles-interaction-external-bubble "^2.10.1"
      tsparticles-interaction-external-connect "^2.10.1"
      tsparticles-interaction-external-grab "^2.10.1"
      tsparticles-interaction-external-pause "^2.10.1"
      tsparticles-interaction-external-push "^2.10.1"
      tsparticles-interaction-external-remove "^2.10.1"
      tsparticles-interaction-external-repulse "^2.10.1"
      tsparticles-interaction-external-slow "^2.10.1"
      tsparticles-interaction-particles-attract "^2.10.1"
      tsparticles-interaction-particles-collisions "^2.10.1"
      tsparticles-interaction-particles-links "^2.10.1"
      tsparticles-move-base "^2.10.1"
      tsparticles-move-parallax "^2.10.1"
      tsparticles-particles.js "^2.10.1"
      tsparticles-plugin-easing-quad "^2.10.1"
      tsparticles-shape-circle "^2.10.1"
      tsparticles-shape-image "^2.10.1"
      tsparticles-shape-line "^2.10.1"
      tsparticles-shape-polygon "^2.10.1"
      tsparticles-shape-square "^2.10.1"
      tsparticles-shape-star "^2.10.1"
      tsparticles-shape-text "^2.10.1"
      tsparticles-updater-color "^2.10.1"
      tsparticles-updater-life "^2.10.1"
      tsparticles-updater-opacity "^2.10.1"
      tsparticles-updater-out-modes "^2.10.1"
      tsparticles-updater-rotate "^2.10.1"
      tsparticles-updater-size "^2.10.1"
      tsparticles-updater-stroke-color "^2.10.1"
  
  tsparticles-updater-color@^2.10.1:
    version "2.10.1"
    resolved "https://registry.yarnpkg.com/tsparticles-updater-color/-/tsparticles-updater-color-2.10.1.tgz#87c4a26de87e0ff3c1b462712bb6fe1b424dfea8"
    integrity sha512-/7FCR/VzpOuiE0ztGEzzN4vNeLGbS9QUBX78OM59GDZujlHfjfWh1jqedyNXrhkb6mf08B3FZWiQWGysPeL31Q==
    dependencies:
      tsparticles-engine "^2.10.1"
  
  tsparticles-updater-color@^2.12.0:
    version "2.12.0"
    resolved "https://registry.yarnpkg.com/tsparticles-updater-color/-/tsparticles-updater-color-2.12.0.tgz#56d2a45f42a1578fd3b75d91baa60f2744db26a4"
    integrity sha512-KcG3a8zd0f8CTiOrylXGChBrjhKcchvDJjx9sp5qpwQK61JlNojNCU35xoaSk2eEHeOvFjh0o3CXWUmYPUcBTQ==
    dependencies:
      tsparticles-engine "^2.12.0"
  
  tsparticles-updater-destroy@^2.10.1:
    version "2.10.1"
    resolved "https://registry.yarnpkg.com/tsparticles-updater-destroy/-/tsparticles-updater-destroy-2.10.1.tgz#1ddfde78d7ac07f70dcb7a64b232a39377816c4d"
    integrity sha512-lFTyVgLNt4x1T4jBHRs+V8gFUQKwXkMbeNF5JUNwlrmGBr/Mx0A36XBcJ4BKZR5+jWO1C6I8jgYzIrFPx6Z+MQ==
    dependencies:
      tsparticles-engine "^2.10.1"
  
  tsparticles-updater-life@^2.10.1:
    version "2.10.1"
    resolved "https://registry.yarnpkg.com/tsparticles-updater-life/-/tsparticles-updater-life-2.10.1.tgz#cd0ec0afb6af953451defa5123d15b8e17ff18ce"
    integrity sha512-qhd+uVxxGLS50bN75POU2lHgqBhXBpRmdY/RnW6mwHGrs5SgiU0XoM0il3+RoAnvpscWG/5ZgEXvpm7ZvbNUWA==
    dependencies:
      tsparticles-engine "^2.10.1"
  
  tsparticles-updater-opacity@^2.10.1:
    version "2.10.1"
    resolved "https://registry.yarnpkg.com/tsparticles-updater-opacity/-/tsparticles-updater-opacity-2.10.1.tgz#ecfcbdbb97b6bbe4db2efa70fc53e5032b16c806"
    integrity sha512-l1FOevfK9CMz9cBRT5prQpHACijYJ+3dHvIfx0Y5M5Do4etoT+PurZxDpQlQU6Yd0vXKm3r37paPiQbH5U3Vqg==
    dependencies:
      tsparticles-engine "^2.10.1"
  
  tsparticles-updater-opacity@^2.12.0:
    version "2.12.0"
    resolved "https://registry.yarnpkg.com/tsparticles-updater-opacity/-/tsparticles-updater-opacity-2.12.0.tgz#4e822dc43d80a3964e09056ff773214b619b18fc"
    integrity sha512-YUjMsgHdaYi4HN89LLogboYcCi1o9VGo21upoqxq19yRy0hRCtx2NhH22iHF/i5WrX6jqshN0iuiiNefC53CsA==
    dependencies:
      tsparticles-engine "^2.12.0"
  
  tsparticles-updater-out-modes@^2.10.1:
    version "2.10.1"
    resolved "https://registry.yarnpkg.com/tsparticles-updater-out-modes/-/tsparticles-updater-out-modes-2.10.1.tgz#ead34f3ef46b876f03b02c9e4cd09e6f657d4992"
    integrity sha512-nzP/puePd97FlME9gzmjwdQWoqm+O7GtnkbD33a4NBlzJMgtjbGtmz/Tmc4hLicb/qwS5D8j9xvB+srsuxT7LA==
    dependencies:
      tsparticles-engine "^2.10.1"
  
  tsparticles-updater-out-modes@^2.12.0:
    version "2.12.0"
    resolved "https://registry.yarnpkg.com/tsparticles-updater-out-modes/-/tsparticles-updater-out-modes-2.12.0.tgz#14b47c5dc7b9f2a485c819f03634656466249e5e"
    integrity sha512-owBp4Gk0JNlSrmp12XVEeBroDhLZU+Uq3szbWlHGSfcR88W4c/0bt0FiH5bHUqORIkw+m8O56hCjbqwj69kpOQ==
    dependencies:
      tsparticles-engine "^2.12.0"
  
  tsparticles-updater-roll@^2.10.1:
    version "2.10.1"
    resolved "https://registry.yarnpkg.com/tsparticles-updater-roll/-/tsparticles-updater-roll-2.10.1.tgz#eb317b837b8e499e0d78b150c557a608c21c755b"
    integrity sha512-5v43esqjPy/GbXXJKOqOF4fD7zndQFE7G5iqF76dp8RaG2V+tIb96j8+wx2B32K9VjEOk3XwOKjYnHtdpYPhvg==
    dependencies:
      tsparticles-engine "^2.10.1"
  
  tsparticles-updater-rotate@^2.10.1:
    version "2.10.1"
    resolved "https://registry.yarnpkg.com/tsparticles-updater-rotate/-/tsparticles-updater-rotate-2.10.1.tgz#6a2861a6e067251f1bd512cb9ff689662e636f1c"
    integrity sha512-GWCyLrB0JaEY0nugFU5E22b/LjSF6Bv4q5dXsbtzqjD9Ka/DPMJ8js8bzJhNf3jftQzf6zBXf72W0kyZH79VIQ==
    dependencies:
      tsparticles-engine "^2.10.1"
  
  tsparticles-updater-size@^2.10.1:
    version "2.10.1"
    resolved "https://registry.yarnpkg.com/tsparticles-updater-size/-/tsparticles-updater-size-2.10.1.tgz#6d362781750f3dd1f1ec75c51b15df4139062c39"
    integrity sha512-Kdtskqm0CRrlsovOsJLcS6NXF0alJ6NlwmW7oWnTK6EeLvEKaqisG/hjcFf+l7eXlmL8j9rYgh6wctaef6GBCw==
    dependencies:
      tsparticles-engine "^2.10.1"
  
  tsparticles-updater-size@^2.12.0:
    version "2.12.0"
    resolved "https://registry.yarnpkg.com/tsparticles-updater-size/-/tsparticles-updater-size-2.12.0.tgz#c9e80c7a91487f2b58d2db0acffbffee517d51d5"
    integrity sha512-B0yRdEDd/qZXCGDL/ussHfx5YJ9UhTqNvmS5X2rR2hiZhBAE2fmsXLeWkdtF2QusjPeEqFDxrkGiLOsh6poqRA==
    dependencies:
      tsparticles-engine "^2.12.0"
  
  tsparticles-updater-stroke-color@^2.10.1:
    version "2.10.1"
    resolved "https://registry.yarnpkg.com/tsparticles-updater-stroke-color/-/tsparticles-updater-stroke-color-2.10.1.tgz#8cefe9f6356c0a433f9fa060da21590e01ec8620"
    integrity sha512-iYLO1y9lH0bOxxE5gPRdsYR5UVIvtxWpera8C5JBXaHywROkJ8CSXxA2pIe01kUIwIOcOv8j26RJvKNdttv9kQ==
    dependencies:
      tsparticles-engine "^2.10.1"
  
  tsparticles-updater-tilt@^2.10.1:
    version "2.10.1"
    resolved "https://registry.yarnpkg.com/tsparticles-updater-tilt/-/tsparticles-updater-tilt-2.10.1.tgz#0367f8b0ba7bffa09bad73902e4f0c16a0337107"
    integrity sha512-MLNZPSc+nM+M5KV9i6tHtzxqSIhQ9VQAuKOuKqHRxs3fkFXboc1dNKA5Ou16roi/efqpc1gXrtZvhPF+holp2Q==
    dependencies:
      tsparticles-engine "^2.10.1"
  
  tsparticles-updater-twinkle@^2.10.1:
    version "2.10.1"
    resolved "https://registry.yarnpkg.com/tsparticles-updater-twinkle/-/tsparticles-updater-twinkle-2.10.1.tgz#5d38ac6f808b811376817c64a354459dd7c2e3c8"
    integrity sha512-Y+/34BCG2/tTm1lpHniNhh3P5M0u5i6qjt/MGquR6yXzQqjmRkhW29vtqd8tZcVx4KZ7Rj0mOUIHFX8bc3YRHQ==
    dependencies:
      tsparticles-engine "^2.10.1"
  
  tsparticles-updater-wobble@^2.10.1:
    version "2.10.1"
    resolved "https://registry.yarnpkg.com/tsparticles-updater-wobble/-/tsparticles-updater-wobble-2.10.1.tgz#687dc408fe11de4beeddf0bb1ee19ffb842ee244"
    integrity sha512-Kf5MfhjkXKlB0hiZPUJCv0PCxRH2E1nmyUnqu05xSZGjQDTS+A/uNtUvIA1nrq7l38VVgpRREtnYka2whOhzwQ==
    dependencies:
      tsparticles-engine "^2.10.1"
  
  tsparticles@^2.10.1:
    version "2.10.1"
    resolved "https://registry.yarnpkg.com/tsparticles/-/tsparticles-2.10.1.tgz#65416d5dbb0644cfc6c79706ca2c458c70b50d18"
    integrity sha512-MIPty6UvjRDbFBtnXjedr68WrxlCSa4XmNND7beRcqqdUb+fQKy/3u64sZ15qBQ4JVV5GcvKYijlOGbmTU3SCw==
    dependencies:
      tsparticles-engine "^2.10.1"
      tsparticles-interaction-external-trail "^2.10.1"
      tsparticles-plugin-absorbers "^2.10.1"
      tsparticles-plugin-emitters "^2.10.1"
      tsparticles-slim "^2.10.1"
      tsparticles-updater-destroy "^2.10.1"
      tsparticles-updater-roll "^2.10.1"
      tsparticles-updater-tilt "^2.10.1"
      tsparticles-updater-twinkle "^2.10.1"
      tsparticles-updater-wobble "^2.10.1"
  
  type-detect@^4.0.0:
    version "4.0.8"
    resolved "https://registry.yarnpkg.com/type-detect/-/type-detect-4.0.8.tgz#7646fb5f18871cfbb7749e69bd39a6388eb7450c"
    integrity sha512-0fr/mIH1dlO+x7TlcMy+bIDqKPsw/70tVyeHW787goQjhmqaZe10uwLujubK9q9Lg6Fiho1KUKDYz0Z7k7g5/g==
  
  typescript@^5.1.6:
    version "5.1.6"
    resolved "https://registry.yarnpkg.com/typescript/-/typescript-5.1.6.tgz#02f8ac202b6dad2c0dd5e0913745b47a37998274"
    integrity sha512-zaWCozRZ6DLEWAWFrVDz1H6FVXzUSfTy5FUMWsQlU8Ym5JP9eO4xkTIROFCQvhQf61z6O/G6ugw3SgAnvvm+HA==
  
  update-browserslist-db@^1.0.9:
    version "1.0.10"
    resolved "https://registry.yarnpkg.com/update-browserslist-db/-/update-browserslist-db-1.0.10.tgz#0f54b876545726f17d00cd9a2561e6dade943ff3"
    integrity sha512-OztqDenkfFkbSG+tRxBeAnCVPckDBcvibKd35yDONx6OU8N7sqgwc7rCbkJ/WcYtVRZ4ba68d6byhC21GFh7sQ==
    dependencies:
      escalade "^3.1.1"
      picocolors "^1.0.0"
  
  vite@^4.0.0:
    version "4.0.4"
    resolved "https://registry.yarnpkg.com/vite/-/vite-4.0.4.tgz#4612ce0b47bbb233a887a54a4ae0c6e240a0da31"
    integrity sha512-xevPU7M8FU0i/80DMR+YhgrzR5KS2ORy1B4xcX/cXLsvnUWvfHuqMmVU6N0YiJ4JWGRJJsLCgjEzKjG9/GKoSw==
    dependencies:
      esbuild "^0.16.3"
      postcss "^8.4.20"
      resolve "^1.22.1"
      rollup "^3.7.0"
    optionalDependencies:
      fsevents "~2.3.2"
  
  yallist@^3.0.2:
    version "3.1.1"
    resolved "https://registry.yarnpkg.com/yallist/-/yallist-3.1.1.tgz#dbb7daf9bfd8bac9ab45ebf602b8cbad0d5d08fd"
    integrity sha512-a4UGQaWPH59mOXUYnAG2ewncQS4i4F43Tv3JoAM+s2VDAmS9NsK8GpDMLrCHPksFT7h3K6TOoUNn2pb7RoXx4g==
